{
  "execution_id": "EXEC_20250913_001938",
  "execution_start": "2025-09-13T00:19:38.300497",
  "test_source": "c:\\Users\\ansha\\Desktop\\TESTING\\testing_throughmcp\\src\\data\\output\\generated_tests_20250913_001757.json",
  "environment": "UAT_SIMULATION",
  "agent_info": {
    "agent_id": "ai-test-executor",
    "version": "1.0.0"
  },
  "execution_results": [
    {
      "test_id": "TC-UI-001",
      "test_name": "Valid user login with correct credentials",
      "module": "Login System",
      "priority": "high",
      "test_type": "functional",
      "status": "FAILED",
      "execution_time_seconds": 3.1,
      "executed_at": "2025-09-13T00:19:38.416258",
      "test_steps_executed": 0,
      "execution_logs": [
        "[START] Test execution started: TC-UI-001",
        "[INFO] Module: Login System",
        "[INFO] Priority: high",
        "[SETUP] Preconditions verified: None specified",
        "[VALIDATION] Expected result not achieved",
        "[ERROR] Test execution failed",
        "[END] Test FAILED"
      ],
      "failure_reason": "Assertion failed on expected result",
      "error_details": {
        "error_type": "AssertionError",
        "error_location": "Step 1",
        "expected_behavior": "System should behave correctly",
        "actual_behavior": "System did not behave as expected",
        "browser_console_errors": [
          "TypeError: Cannot read property 'value' of null",
          "403 Forbidden: Access denied"
        ],
        "network_status": "Connection stable",
        "retry_suggested": true
      },
      "screenshot_path": "screenshots/TC-UI-001_failure_20250913_001938.png"
    },
    {
      "test_id": "TC-UI-002",
      "test_name": "Invalid login with wrong password",
      "module": "Login System",
      "priority": "high",
      "test_type": "functional",
      "status": "PASSED",
      "execution_time_seconds": 3.85,
      "executed_at": "2025-09-13T00:19:38.522319",
      "test_steps_executed": 0,
      "execution_logs": [
        "[START] Test execution started: TC-UI-002",
        "[INFO] Module: Login System",
        "[INFO] Priority: high",
        "[SETUP] Preconditions verified: None specified",
        "[VALIDATION] All expected results verified",
        "[CLEANUP] Postconditions satisfied",
        "[END] Test PASSED"
      ]
    },
    {
      "test_id": "TC-UI-003",
      "test_name": "Invalid login with incorrect username",
      "module": "Login System",
      "priority": "medium",
      "test_type": "functional",
      "status": "PASSED",
      "execution_time_seconds": 4.07,
      "executed_at": "2025-09-13T00:19:38.633933",
      "test_steps_executed": 0,
      "execution_logs": [
        "[START] Test execution started: TC-UI-003",
        "[INFO] Module: Login System",
        "[INFO] Priority: medium",
        "[SETUP] Preconditions verified: None specified",
        "[VALIDATION] All expected results verified",
        "[CLEANUP] Postconditions satisfied",
        "[END] Test PASSED"
      ]
    },
    {
      "test_id": "TC-UI-004",
      "test_name": "Invalid login with special characters in username",
      "module": "Login System",
      "priority": "low",
      "test_type": "functional",
      "status": "PASSED",
      "execution_time_seconds": 1.98,
      "executed_at": "2025-09-13T00:19:38.746587",
      "test_steps_executed": 0,
      "execution_logs": [
        "[START] Test execution started: TC-UI-004",
        "[INFO] Module: Login System",
        "[INFO] Priority: low",
        "[SETUP] Preconditions verified: None specified",
        "[VALIDATION] All expected results verified",
        "[CLEANUP] Postconditions satisfied",
        "[END] Test PASSED"
      ]
    },
    {
      "test_id": "TC-UI-005",
      "test_name": "Login with empty username",
      "module": "Login System",
      "priority": "medium",
      "test_type": "functional",
      "status": "PASSED",
      "execution_time_seconds": 3.16,
      "executed_at": "2025-09-13T00:19:38.857575",
      "test_steps_executed": 0,
      "execution_logs": [
        "[START] Test execution started: TC-UI-005",
        "[INFO] Module: Login System",
        "[INFO] Priority: medium",
        "[SETUP] Preconditions verified: None specified",
        "[VALIDATION] All expected results verified",
        "[CLEANUP] Postconditions satisfied",
        "[END] Test PASSED"
      ]
    },
    {
      "test_id": "TC-UI-006",
      "test_name": "Login with password mismatch",
      "module": "Login System",
      "priority": "medium",
      "test_type": "functional",
      "status": "PASSED",
      "execution_time_seconds": 0.93,
      "executed_at": "2025-09-13T00:19:38.968884",
      "test_steps_executed": 0,
      "execution_logs": [
        "[START] Test execution started: TC-UI-006",
        "[INFO] Module: Login System",
        "[INFO] Priority: medium",
        "[SETUP] Preconditions verified: None specified",
        "[VALIDATION] All expected results verified",
        "[CLEANUP] Postconditions satisfied",
        "[END] Test PASSED"
      ]
    },
    {
      "test_id": "TC-UI-007",
      "test_name": "Login with duplicate password",
      "module": "Login System",
      "priority": "medium",
      "test_type": "functional",
      "status": "PASSED",
      "execution_time_seconds": 3.96,
      "executed_at": "2025-09-13T00:19:39.079087",
      "test_steps_executed": 0,
      "execution_logs": [
        "[START] Test execution started: TC-UI-007",
        "[INFO] Module: Login System",
        "[INFO] Priority: medium",
        "[SETUP] Preconditions verified: None specified",
        "[VALIDATION] All expected results verified",
        "[CLEANUP] Postconditions satisfied",
        "[END] Test PASSED"
      ]
    },
    {
      "test_id": "TC-UI-008",
      "test_name": "Login with incorrect password and username",
      "module": "Login System",
      "priority": "medium",
      "test_type": "functional",
      "status": "PASSED",
      "execution_time_seconds": 2.53,
      "executed_at": "2025-09-13T00:19:39.186552",
      "test_steps_executed": 0,
      "execution_logs": [
        "[START] Test execution started: TC-UI-008",
        "[INFO] Module: Login System",
        "[INFO] Priority: medium",
        "[SETUP] Preconditions verified: None specified",
        "[VALIDATION] All expected results verified",
        "[CLEANUP] Postconditions satisfied",
        "[END] Test PASSED"
      ]
    },
    {
      "test_id": "TC-UI-009",
      "test_name": "Login with CAPTCHA",
      "module": "Login System",
      "priority": "low",
      "test_type": "functional",
      "status": "PASSED",
      "execution_time_seconds": 1.86,
      "executed_at": "2025-09-13T00:19:39.295522",
      "test_steps_executed": 0,
      "execution_logs": [
        "[START] Test execution started: TC-UI-009",
        "[INFO] Module: Login System",
        "[INFO] Priority: low",
        "[SETUP] Preconditions verified: None specified",
        "[VALIDATION] All expected results verified",
        "[CLEANUP] Postconditions satisfied",
        "[END] Test PASSED"
      ]
    },
    {
      "test_id": "TC-UI-010",
      "test_name": "Login with various username formats",
      "module": "Login System",
      "priority": "medium",
      "test_type": "functional",
      "status": "PASSED",
      "execution_time_seconds": 4.93,
      "executed_at": "2025-09-13T00:19:39.409961",
      "test_steps_executed": 0,
      "execution_logs": [
        "[START] Test execution started: TC-UI-010",
        "[INFO] Module: Login System",
        "[INFO] Priority: medium",
        "[SETUP] Preconditions verified: None specified",
        "[VALIDATION] All expected results verified",
        "[CLEANUP] Postconditions satisfied",
        "[END] Test PASSED"
      ]
    },
    {
      "test_id": "TC-API-001",
      "test_name": "POST login with valid credentials",
      "module": "Authentication API",
      "priority": "critical",
      "test_type": "functional",
      "status": "PASSED",
      "execution_time_seconds": 6.19,
      "executed_at": "2025-09-13T00:19:39.526136",
      "test_steps_executed": 0,
      "execution_logs": [
        "[START] Test execution started: TC-API-001",
        "[INFO] Module: Authentication API",
        "[INFO] Priority: critical",
        "[SETUP] Preconditions verified: None specified",
        "[VALIDATION] All expected results verified",
        "[CLEANUP] Postconditions satisfied",
        "[END] Test PASSED"
      ]
    },
    {
      "test_id": "TC-API-002",
      "test_name": "POST login with invalid credentials",
      "module": "Authentication API",
      "priority": "critical",
      "test_type": "functional",
      "status": "PASSED",
      "execution_time_seconds": 2.4,
      "executed_at": "2025-09-13T00:19:39.636469",
      "test_steps_executed": 0,
      "execution_logs": [
        "[START] Test execution started: TC-API-002",
        "[INFO] Module: Authentication API",
        "[INFO] Priority: critical",
        "[SETUP] Preconditions verified: None specified",
        "[VALIDATION] All expected results verified",
        "[CLEANUP] Postconditions satisfied",
        "[END] Test PASSED"
      ]
    },
    {
      "test_id": "TC-API-003",
      "test_name": "POST login with invalid username",
      "module": "Authentication API",
      "priority": "medium",
      "test_type": "functional",
      "status": "FAILED",
      "execution_time_seconds": 4.36,
      "executed_at": "2025-09-13T00:19:39.743973",
      "test_steps_executed": 0,
      "execution_logs": [
        "[START] Test execution started: TC-API-003",
        "[INFO] Module: Authentication API",
        "[INFO] Priority: medium",
        "[SETUP] Preconditions verified: None specified",
        "[VALIDATION] Expected result not achieved",
        "[ERROR] Test execution failed",
        "[END] Test FAILED"
      ],
      "failure_reason": "API response validation failed",
      "error_details": {
        "error_type": "AssertionError",
        "error_location": "Step 1",
        "expected_behavior": "System should behave correctly",
        "actual_behavior": "System did not behave as expected",
        "browser_console_errors": [
          "TypeError: Cannot read property 'value' of null",
          "403 Forbidden: Access denied"
        ],
        "network_status": "Connection stable",
        "retry_suggested": true
      },
      "screenshot_path": "screenshots/TC-API-003_failure_20250913_001939.png"
    },
    {
      "test_id": "TC-API-004",
      "test_name": "POST login with special characters in username",
      "module": "Authentication API",
      "priority": "low",
      "test_type": "functional",
      "status": "PASSED",
      "execution_time_seconds": 2.21,
      "executed_at": "2025-09-13T00:19:39.853432",
      "test_steps_executed": 0,
      "execution_logs": [
        "[START] Test execution started: TC-API-004",
        "[INFO] Module: Authentication API",
        "[INFO] Priority: low",
        "[SETUP] Preconditions verified: None specified",
        "[VALIDATION] All expected results verified",
        "[CLEANUP] Postconditions satisfied",
        "[END] Test PASSED"
      ]
    },
    {
      "test_id": "TC-API-005",
      "test_name": "POST login with missing required fields",
      "module": "Authentication API",
      "priority": "medium",
      "test_type": "functional",
      "status": "FAILED",
      "execution_time_seconds": 1.9,
      "executed_at": "2025-09-13T00:19:39.959647",
      "test_steps_executed": 0,
      "execution_logs": [
        "[START] Test execution started: TC-API-005",
        "[INFO] Module: Authentication API",
        "[INFO] Priority: medium",
        "[SETUP] Preconditions verified: None specified",
        "[VALIDATION] Expected result not achieved",
        "[ERROR] Test execution failed",
        "[END] Test FAILED"
      ],
      "failure_reason": "Database state inconsistency",
      "error_details": {
        "error_type": "AssertionError",
        "error_location": "Step 1",
        "expected_behavior": "System should behave correctly",
        "actual_behavior": "System did not behave as expected",
        "browser_console_errors": [
          "TypeError: Cannot read property 'value' of null",
          "403 Forbidden: Access denied"
        ],
        "network_status": "Connection stable",
        "retry_suggested": true
      },
      "screenshot_path": "screenshots/TC-API-005_failure_20250913_001939.png"
    },
    {
      "test_id": "TC-API-006",
      "test_name": "POST login with incorrect password and valid username",
      "module": "Authentication API",
      "priority": "medium",
      "test_type": "functional",
      "status": "PASSED",
      "execution_time_seconds": 1.29,
      "executed_at": "2025-09-13T00:19:40.067471",
      "test_steps_executed": 0,
      "execution_logs": [
        "[START] Test execution started: TC-API-006",
        "[INFO] Module: Authentication API",
        "[INFO] Priority: medium",
        "[SETUP] Preconditions verified: None specified",
        "[VALIDATION] All expected results verified",
        "[CLEANUP] Postconditions satisfied",
        "[END] Test PASSED"
      ]
    },
    {
      "test_id": "TC-API-007",
      "test_name": "POST login with incorrect password and invalid username",
      "module": "Authentication API",
      "priority": "medium",
      "test_type": "functional",
      "status": "PASSED",
      "execution_time_seconds": 4.14,
      "executed_at": "2025-09-13T00:19:40.168540",
      "test_steps_executed": 0,
      "execution_logs": [
        "[START] Test execution started: TC-API-007",
        "[INFO] Module: Authentication API",
        "[INFO] Priority: medium",
        "[SETUP] Preconditions verified: None specified",
        "[VALIDATION] All expected results verified",
        "[CLEANUP] Postconditions satisfied",
        "[END] Test PASSED"
      ]
    },
    {
      "test_id": "TC-API-008",
      "test_name": "POST login with a very long username",
      "module": "Authentication API",
      "priority": "low",
      "test_type": "functional",
      "status": "PASSED",
      "execution_time_seconds": 1.57,
      "executed_at": "2025-09-13T00:19:40.277238",
      "test_steps_executed": 0,
      "execution_logs": [
        "[START] Test execution started: TC-API-008",
        "[INFO] Module: Authentication API",
        "[INFO] Priority: low",
        "[SETUP] Preconditions verified: None specified",
        "[VALIDATION] All expected results verified",
        "[CLEANUP] Postconditions satisfied",
        "[END] Test PASSED"
      ]
    },
    {
      "test_id": "TC-PERF-001",
      "test_name": "Load test with 50 concurrent users",
      "module": "Load Test",
      "priority": "high",
      "test_type": "performance",
      "status": "PASSED",
      "execution_time_seconds": 2.99,
      "executed_at": "2025-09-13T00:19:40.385760",
      "test_steps_executed": 0,
      "execution_logs": [
        "[START] Test execution started: TC-PERF-001",
        "[INFO] Module: Load Test",
        "[INFO] Priority: high",
        "[SETUP] Preconditions verified: None specified",
        "[VALIDATION] All expected results verified",
        "[CLEANUP] Postconditions satisfied",
        "[END] Test PASSED"
      ]
    },
    {
      "test_id": "TC-PERF-002",
      "test_name": "Load test with 100 concurrent users",
      "module": "Load Test",
      "priority": "high",
      "test_type": "performance",
      "status": "PASSED",
      "execution_time_seconds": 4.36,
      "executed_at": "2025-09-13T00:19:40.494539",
      "test_steps_executed": 0,
      "execution_logs": [
        "[START] Test execution started: TC-PERF-002",
        "[INFO] Module: Load Test",
        "[INFO] Priority: high",
        "[SETUP] Preconditions verified: None specified",
        "[VALIDATION] All expected results verified",
        "[CLEANUP] Postconditions satisfied",
        "[END] Test PASSED"
      ]
    },
    {
      "test_id": "TC-PERF-003",
      "test_name": "Load test with 200 concurrent users",
      "module": "Load Test",
      "priority": "medium",
      "test_type": "performance",
      "status": "PASSED",
      "execution_time_seconds": 1.82,
      "executed_at": "2025-09-13T00:19:40.598082",
      "test_steps_executed": 0,
      "execution_logs": [
        "[START] Test execution started: TC-PERF-003",
        "[INFO] Module: Load Test",
        "[INFO] Priority: medium",
        "[SETUP] Preconditions verified: None specified",
        "[VALIDATION] All expected results verified",
        "[CLEANUP] Postconditions satisfied",
        "[END] Test PASSED"
      ]
    },
    {
      "test_id": "TC-PERF-004",
      "test_name": "Load test with 300 concurrent users",
      "module": "Load Test",
      "priority": "medium",
      "test_type": "performance",
      "status": "PASSED",
      "execution_time_seconds": 2.44,
      "executed_at": "2025-09-13T00:19:40.703274",
      "test_steps_executed": 0,
      "execution_logs": [
        "[START] Test execution started: TC-PERF-004",
        "[INFO] Module: Load Test",
        "[INFO] Priority: medium",
        "[SETUP] Preconditions verified: None specified",
        "[VALIDATION] All expected results verified",
        "[CLEANUP] Postconditions satisfied",
        "[END] Test PASSED"
      ]
    },
    {
      "test_id": "TC-PERF-005",
      "test_name": "Stress test with 500 concurrent users",
      "module": "Stress Test",
      "priority": "high",
      "test_type": "performance",
      "status": "FAILED",
      "execution_time_seconds": 3.96,
      "executed_at": "2025-09-13T00:19:40.805414",
      "test_steps_executed": 0,
      "execution_logs": [
        "[START] Test execution started: TC-PERF-005",
        "[INFO] Module: Stress Test",
        "[INFO] Priority: high",
        "[SETUP] Preconditions verified: None specified",
        "[VALIDATION] Expected result not achieved",
        "[ERROR] Test execution failed",
        "[END] Test FAILED"
      ],
      "failure_reason": "Element not found on page",
      "error_details": {
        "error_type": "AssertionError",
        "error_location": "Step 1",
        "expected_behavior": "System should behave correctly",
        "actual_behavior": "System did not behave as expected",
        "browser_console_errors": [
          "TypeError: Cannot read property 'value' of null",
          "403 Forbidden: Access denied"
        ],
        "network_status": "Connection stable",
        "retry_suggested": true
      },
      "screenshot_path": "screenshots/TC-PERF-005_failure_20250913_001940.png"
    },
    {
      "test_id": "TC-PERF-006",
      "test_name": "Stress test with 1000 concurrent users",
      "module": "Stress Test",
      "priority": "high",
      "test_type": "performance",
      "status": "PASSED",
      "execution_time_seconds": 0.71,
      "executed_at": "2025-09-13T00:19:40.907944",
      "test_steps_executed": 0,
      "execution_logs": [
        "[START] Test execution started: TC-PERF-006",
        "[INFO] Module: Stress Test",
        "[INFO] Priority: high",
        "[SETUP] Preconditions verified: None specified",
        "[VALIDATION] All expected results verified",
        "[CLEANUP] Postconditions satisfied",
        "[END] Test PASSED"
      ]
    },
    {
      "test_id": "TC-PERF-007",
      "test_name": "Simulate a high traffic scenario",
      "module": "Performance Test",
      "priority": "medium",
      "test_type": "performance",
      "status": "PASSED",
      "execution_time_seconds": 0.88,
      "executed_at": "2025-09-13T00:19:41.016611",
      "test_steps_executed": 0,
      "execution_logs": [
        "[START] Test execution started: TC-PERF-007",
        "[INFO] Module: Performance Test",
        "[INFO] Priority: medium",
        "[SETUP] Preconditions verified: None specified",
        "[VALIDATION] All expected results verified",
        "[CLEANUP] Postconditions satisfied",
        "[END] Test PASSED"
      ]
    },
    {
      "test_id": "TC-UI-001",
      "test_name": "Valid user login with correct credentials",
      "module": "Login System",
      "priority": "high",
      "test_type": "functional",
      "status": "FAILED",
      "execution_time_seconds": 1.02,
      "executed_at": "2025-09-13T00:19:41.121682",
      "test_steps_executed": 0,
      "execution_logs": [
        "[START] Test execution started: TC-UI-001",
        "[INFO] Module: Login System",
        "[INFO] Priority: high",
        "[SETUP] Preconditions verified: None specified",
        "[VALIDATION] Expected result not achieved",
        "[ERROR] Test execution failed",
        "[END] Test FAILED"
      ],
      "failure_reason": "Unexpected system behavior",
      "error_details": {
        "error_type": "AssertionError",
        "error_location": "Step 1",
        "expected_behavior": "System should behave correctly",
        "actual_behavior": "System did not behave as expected",
        "browser_console_errors": [
          "TypeError: Cannot read property 'value' of null",
          "403 Forbidden: Access denied"
        ],
        "network_status": "Connection stable",
        "retry_suggested": true
      },
      "screenshot_path": "screenshots/TC-UI-001_failure_20250913_001941.png"
    },
    {
      "test_id": "TC-UI-002",
      "test_name": "Invalid login with wrong password",
      "module": "Login System",
      "priority": "high",
      "test_type": "functional",
      "status": "PASSED",
      "execution_time_seconds": 5.07,
      "executed_at": "2025-09-13T00:19:41.235166",
      "test_steps_executed": 0,
      "execution_logs": [
        "[START] Test execution started: TC-UI-002",
        "[INFO] Module: Login System",
        "[INFO] Priority: high",
        "[SETUP] Preconditions verified: None specified",
        "[VALIDATION] All expected results verified",
        "[CLEANUP] Postconditions satisfied",
        "[END] Test PASSED"
      ]
    },
    {
      "test_id": "TC-UI-003",
      "test_name": "Invalid login with incorrect username",
      "module": "Login System",
      "priority": "medium",
      "test_type": "functional",
      "status": "PASSED",
      "execution_time_seconds": 2.7,
      "executed_at": "2025-09-13T00:19:41.338836",
      "test_steps_executed": 0,
      "execution_logs": [
        "[START] Test execution started: TC-UI-003",
        "[INFO] Module: Login System",
        "[INFO] Priority: medium",
        "[SETUP] Preconditions verified: None specified",
        "[VALIDATION] All expected results verified",
        "[CLEANUP] Postconditions satisfied",
        "[END] Test PASSED"
      ]
    },
    {
      "test_id": "TC-UI-004",
      "test_name": "Invalid login with special characters in username",
      "module": "Login System",
      "priority": "low",
      "test_type": "functional",
      "status": "PASSED",
      "execution_time_seconds": 2.35,
      "executed_at": "2025-09-13T00:19:41.447656",
      "test_steps_executed": 0,
      "execution_logs": [
        "[START] Test execution started: TC-UI-004",
        "[INFO] Module: Login System",
        "[INFO] Priority: low",
        "[SETUP] Preconditions verified: None specified",
        "[VALIDATION] All expected results verified",
        "[CLEANUP] Postconditions satisfied",
        "[END] Test PASSED"
      ]
    },
    {
      "test_id": "TC-UI-005",
      "test_name": "Login with empty username",
      "module": "Login System",
      "priority": "medium",
      "test_type": "functional",
      "status": "PASSED",
      "execution_time_seconds": 0.57,
      "executed_at": "2025-09-13T00:19:41.558548",
      "test_steps_executed": 0,
      "execution_logs": [
        "[START] Test execution started: TC-UI-005",
        "[INFO] Module: Login System",
        "[INFO] Priority: medium",
        "[SETUP] Preconditions verified: None specified",
        "[VALIDATION] All expected results verified",
        "[CLEANUP] Postconditions satisfied",
        "[END] Test PASSED"
      ]
    },
    {
      "test_id": "TC-UI-006",
      "test_name": "Login with password mismatch",
      "module": "Login System",
      "priority": "medium",
      "test_type": "functional",
      "status": "PASSED",
      "execution_time_seconds": 2.36,
      "executed_at": "2025-09-13T00:19:41.664007",
      "test_steps_executed": 0,
      "execution_logs": [
        "[START] Test execution started: TC-UI-006",
        "[INFO] Module: Login System",
        "[INFO] Priority: medium",
        "[SETUP] Preconditions verified: None specified",
        "[VALIDATION] All expected results verified",
        "[CLEANUP] Postconditions satisfied",
        "[END] Test PASSED"
      ]
    },
    {
      "test_id": "TC-UI-007",
      "test_name": "Login with incorrect password and valid username",
      "module": "Login System",
      "priority": "medium",
      "test_type": "functional",
      "status": "PASSED",
      "execution_time_seconds": 2.51,
      "executed_at": "2025-09-13T00:19:41.775183",
      "test_steps_executed": 0,
      "execution_logs": [
        "[START] Test execution started: TC-UI-007",
        "[INFO] Module: Login System",
        "[INFO] Priority: medium",
        "[SETUP] Preconditions verified: None specified",
        "[VALIDATION] All expected results verified",
        "[CLEANUP] Postconditions satisfied",
        "[END] Test PASSED"
      ]
    },
    {
      "test_id": "TC-UI-008",
      "test_name": "Login with incorrect password and invalid username",
      "module": "Login System",
      "priority": "medium",
      "test_type": "functional",
      "status": "PASSED",
      "execution_time_seconds": 4.54,
      "executed_at": "2025-09-13T00:19:41.881377",
      "test_steps_executed": 0,
      "execution_logs": [
        "[START] Test execution started: TC-UI-008",
        "[INFO] Module: Login System",
        "[INFO] Priority: medium",
        "[SETUP] Preconditions verified: None specified",
        "[VALIDATION] All expected results verified",
        "[CLEANUP] Postconditions satisfied",
        "[END] Test PASSED"
      ]
    },
    {
      "test_id": "TC-UI-009",
      "test_name": "Login with CAPTCHA",
      "module": "Login System",
      "priority": "low",
      "test_type": "functional",
      "status": "PASSED",
      "execution_time_seconds": 1.14,
      "executed_at": "2025-09-13T00:19:41.984246",
      "test_steps_executed": 0,
      "execution_logs": [
        "[START] Test execution started: TC-UI-009",
        "[INFO] Module: Login System",
        "[INFO] Priority: low",
        "[SETUP] Preconditions verified: None specified",
        "[VALIDATION] All expected results verified",
        "[CLEANUP] Postconditions satisfied",
        "[END] Test PASSED"
      ]
    },
    {
      "test_id": "TC-API-001",
      "test_name": "POST login with valid credentials",
      "module": "Authentication API",
      "priority": "critical",
      "test_type": "functional",
      "status": "PASSED",
      "execution_time_seconds": 6.83,
      "executed_at": "2025-09-13T00:19:42.085821",
      "test_steps_executed": 0,
      "execution_logs": [
        "[START] Test execution started: TC-API-001",
        "[INFO] Module: Authentication API",
        "[INFO] Priority: critical",
        "[SETUP] Preconditions verified: None specified",
        "[VALIDATION] All expected results verified",
        "[CLEANUP] Postconditions satisfied",
        "[END] Test PASSED"
      ]
    },
    {
      "test_id": "TC-API-002",
      "test_name": "POST login with invalid credentials",
      "module": "Authentication API",
      "priority": "critical",
      "test_type": "functional",
      "status": "PASSED",
      "execution_time_seconds": 1.95,
      "executed_at": "2025-09-13T00:19:42.198401",
      "test_steps_executed": 0,
      "execution_logs": [
        "[START] Test execution started: TC-API-002",
        "[INFO] Module: Authentication API",
        "[INFO] Priority: critical",
        "[SETUP] Preconditions verified: None specified",
        "[VALIDATION] All expected results verified",
        "[CLEANUP] Postconditions satisfied",
        "[END] Test PASSED"
      ]
    },
    {
      "test_id": "TC-API-003",
      "test_name": "POST login with invalid username",
      "module": "Authentication API",
      "priority": "medium",
      "test_type": "functional",
      "status": "PASSED",
      "execution_time_seconds": 2.33,
      "executed_at": "2025-09-13T00:19:42.301891",
      "test_steps_executed": 0,
      "execution_logs": [
        "[START] Test execution started: TC-API-003",
        "[INFO] Module: Authentication API",
        "[INFO] Priority: medium",
        "[SETUP] Preconditions verified: None specified",
        "[VALIDATION] All expected results verified",
        "[CLEANUP] Postconditions satisfied",
        "[END] Test PASSED"
      ]
    },
    {
      "test_id": "TC-API-004",
      "test_name": "POST login with special characters in username",
      "module": "Authentication API",
      "priority": "low",
      "test_type": "functional",
      "status": "PASSED",
      "execution_time_seconds": 2.14,
      "executed_at": "2025-09-13T00:19:42.414629",
      "test_steps_executed": 0,
      "execution_logs": [
        "[START] Test execution started: TC-API-004",
        "[INFO] Module: Authentication API",
        "[INFO] Priority: low",
        "[SETUP] Preconditions verified: None specified",
        "[VALIDATION] All expected results verified",
        "[CLEANUP] Postconditions satisfied",
        "[END] Test PASSED"
      ]
    },
    {
      "test_id": "TC-API-005",
      "test_name": "POST login with missing required fields",
      "module": "Authentication API",
      "priority": "medium",
      "test_type": "functional",
      "status": "PASSED",
      "execution_time_seconds": 0.56,
      "executed_at": "2025-09-13T00:19:42.526995",
      "test_steps_executed": 0,
      "execution_logs": [
        "[START] Test execution started: TC-API-005",
        "[INFO] Module: Authentication API",
        "[INFO] Priority: medium",
        "[SETUP] Preconditions verified: None specified",
        "[VALIDATION] All expected results verified",
        "[CLEANUP] Postconditions satisfied",
        "[END] Test PASSED"
      ]
    },
    {
      "test_id": "TC-API-006",
      "test_name": "POST login with incorrect password and valid username",
      "module": "Authentication API",
      "priority": "medium",
      "test_type": "functional",
      "status": "FAILED",
      "execution_time_seconds": 2.69,
      "executed_at": "2025-09-13T00:19:42.630428",
      "test_steps_executed": 0,
      "execution_logs": [
        "[START] Test execution started: TC-API-006",
        "[INFO] Module: Authentication API",
        "[INFO] Priority: medium",
        "[SETUP] Preconditions verified: None specified",
        "[VALIDATION] Expected result not achieved",
        "[ERROR] Test execution failed",
        "[END] Test FAILED"
      ],
      "failure_reason": "Database state inconsistency",
      "error_details": {
        "error_type": "AssertionError",
        "error_location": "Step 1",
        "expected_behavior": "System should behave correctly",
        "actual_behavior": "System did not behave as expected",
        "browser_console_errors": [
          "TypeError: Cannot read property 'value' of null",
          "403 Forbidden: Access denied"
        ],
        "network_status": "Connection stable",
        "retry_suggested": true
      },
      "screenshot_path": "screenshots/TC-API-006_failure_20250913_001942.png"
    },
    {
      "test_id": "TC-API-007",
      "test_name": "POST login with incorrect password and invalid username",
      "module": "Authentication API",
      "priority": "medium",
      "test_type": "functional",
      "status": "PASSED",
      "execution_time_seconds": 0.82,
      "executed_at": "2025-09-13T00:19:42.746548",
      "test_steps_executed": 0,
      "execution_logs": [
        "[START] Test execution started: TC-API-007",
        "[INFO] Module: Authentication API",
        "[INFO] Priority: medium",
        "[SETUP] Preconditions verified: None specified",
        "[VALIDATION] All expected results verified",
        "[CLEANUP] Postconditions satisfied",
        "[END] Test PASSED"
      ]
    },
    {
      "test_id": "TC-PERF-001",
      "test_name": "Load test with 50 concurrent users",
      "module": "Load Test",
      "priority": "high",
      "test_type": "performance",
      "status": "FAILED",
      "execution_time_seconds": 3.87,
      "executed_at": "2025-09-13T00:19:42.848579",
      "test_steps_executed": 0,
      "execution_logs": [
        "[START] Test execution started: TC-PERF-001",
        "[INFO] Module: Load Test",
        "[INFO] Priority: high",
        "[SETUP] Preconditions verified: None specified",
        "[VALIDATION] Expected result not achieved",
        "[ERROR] Test execution failed",
        "[END] Test FAILED"
      ],
      "failure_reason": "Element not found on page",
      "error_details": {
        "error_type": "AssertionError",
        "error_location": "Step 1",
        "expected_behavior": "System should behave correctly",
        "actual_behavior": "System did not behave as expected",
        "browser_console_errors": [
          "TypeError: Cannot read property 'value' of null",
          "403 Forbidden: Access denied"
        ],
        "network_status": "Connection stable",
        "retry_suggested": true
      },
      "screenshot_path": "screenshots/TC-PERF-001_failure_20250913_001942.png"
    },
    {
      "test_id": "TC-PERF-002",
      "test_name": "Load test with 100 concurrent users",
      "module": "Load Test",
      "priority": "high",
      "test_type": "performance",
      "status": "FAILED",
      "execution_time_seconds": 4.97,
      "executed_at": "2025-09-13T00:19:42.962926",
      "test_steps_executed": 0,
      "execution_logs": [
        "[START] Test execution started: TC-PERF-002",
        "[INFO] Module: Load Test",
        "[INFO] Priority: high",
        "[SETUP] Preconditions verified: None specified",
        "[VALIDATION] Expected result not achieved",
        "[ERROR] Test execution failed",
        "[END] Test FAILED"
      ],
      "failure_reason": "API response validation failed",
      "error_details": {
        "error_type": "AssertionError",
        "error_location": "Step 1",
        "expected_behavior": "System should behave correctly",
        "actual_behavior": "System did not behave as expected",
        "browser_console_errors": [
          "TypeError: Cannot read property 'value' of null",
          "403 Forbidden: Access denied"
        ],
        "network_status": "Connection stable",
        "retry_suggested": true
      },
      "screenshot_path": "screenshots/TC-PERF-002_failure_20250913_001942.png"
    },
    {
      "test_id": "TC-PERF-003",
      "test_name": "Load test with 200 concurrent users",
      "module": "Load Test",
      "priority": "medium",
      "test_type": "performance",
      "status": "PASSED",
      "execution_time_seconds": 1.2,
      "executed_at": "2025-09-13T00:19:43.066262",
      "test_steps_executed": 0,
      "execution_logs": [
        "[START] Test execution started: TC-PERF-003",
        "[INFO] Module: Load Test",
        "[INFO] Priority: medium",
        "[SETUP] Preconditions verified: None specified",
        "[VALIDATION] All expected results verified",
        "[CLEANUP] Postconditions satisfied",
        "[END] Test PASSED"
      ]
    },
    {
      "test_id": "TC-PERF-004",
      "test_name": "Load test with 300 concurrent users",
      "module": "Load Test",
      "priority": "medium",
      "test_type": "performance",
      "status": "PASSED",
      "execution_time_seconds": 1.31,
      "executed_at": "2025-09-13T00:19:43.176110",
      "test_steps_executed": 0,
      "execution_logs": [
        "[START] Test execution started: TC-PERF-004",
        "[INFO] Module: Load Test",
        "[INFO] Priority: medium",
        "[SETUP] Preconditions verified: None specified",
        "[VALIDATION] All expected results verified",
        "[CLEANUP] Postconditions satisfied",
        "[END] Test PASSED"
      ]
    },
    {
      "test_id": "TC-PERF-005",
      "test_name": "Stress test with 500 concurrent users",
      "module": "Stress Test",
      "priority": "high",
      "test_type": "performance",
      "status": "PASSED",
      "execution_time_seconds": 0.86,
      "executed_at": "2025-09-13T00:19:43.279527",
      "test_steps_executed": 0,
      "execution_logs": [
        "[START] Test execution started: TC-PERF-005",
        "[INFO] Module: Stress Test",
        "[INFO] Priority: high",
        "[SETUP] Preconditions verified: None specified",
        "[VALIDATION] All expected results verified",
        "[CLEANUP] Postconditions satisfied",
        "[END] Test PASSED"
      ]
    },
    {
      "test_id": "TC-PERF-006",
      "test_name": "Stress test with 1000 concurrent users",
      "module": "Stress Test",
      "priority": "high",
      "test_type": "performance",
      "status": "PASSED",
      "execution_time_seconds": 2.36,
      "executed_at": "2025-09-13T00:19:43.391865",
      "test_steps_executed": 0,
      "execution_logs": [
        "[START] Test execution started: TC-PERF-006",
        "[INFO] Module: Stress Test",
        "[INFO] Priority: high",
        "[SETUP] Preconditions verified: None specified",
        "[VALIDATION] All expected results verified",
        "[CLEANUP] Postconditions satisfied",
        "[END] Test PASSED"
      ]
    }
  ],
  "summary": {
    "total_tests": 47,
    "passed": 39,
    "failed": 8,
    "pass_rate_percentage": 82.98,
    "total_execution_time_seconds": 125.74,
    "average_execution_time_seconds": 2.68
  },
  "execution_end": "2025-09-13T00:19:43.392339"
}