{
  "execution_id": "EXEC_20250912_213640",
  "execution_start": "2025-09-12T21:36:40.179641",
  "test_source": "c:\\Users\\ansha\\Desktop\\TESTING\\testing_throughmcp\\src\\data\\output\\generated_tests_20250912_213555.json",
  "environment": "UAT_SIMULATION",
  "agent_info": {
    "agent_id": "ai-test-executor",
    "version": "1.0.0"
  },
  "execution_results": [
    {
      "test_id": "TC-UI-001",
      "test_name": "Valid user login with correct credentials",
      "module": "Login System",
      "priority": "high",
      "test_type": "functional",
      "status": "PASSED",
      "execution_time_seconds": 0.71,
      "executed_at": "2025-09-12T21:36:40.292202",
      "test_steps_executed": 0,
      "execution_logs": [
        "[START] Test execution started: TC-UI-001",
        "[INFO] Module: Login System",
        "[INFO] Priority: high",
        "[SETUP] Preconditions verified: None specified",
        "[VALIDATION] All expected results verified",
        "[CLEANUP] Postconditions satisfied",
        "[END] Test PASSED"
      ]
    },
    {
      "test_id": "TC-UI-002",
      "test_name": "Invalid login with wrong password",
      "module": "Login System",
      "priority": "high",
      "test_type": "functional",
      "status": "PASSED",
      "execution_time_seconds": 1.32,
      "executed_at": "2025-09-12T21:36:40.401848",
      "test_steps_executed": 0,
      "execution_logs": [
        "[START] Test execution started: TC-UI-002",
        "[INFO] Module: Login System",
        "[INFO] Priority: high",
        "[SETUP] Preconditions verified: None specified",
        "[VALIDATION] All expected results verified",
        "[CLEANUP] Postconditions satisfied",
        "[END] Test PASSED"
      ]
    },
    {
      "test_id": "TC-UI-003",
      "test_name": "Invalid login with missing credentials",
      "module": "Login System",
      "priority": "medium",
      "test_type": "functional",
      "status": "PASSED",
      "execution_time_seconds": 1.65,
      "executed_at": "2025-09-12T21:36:40.511418",
      "test_steps_executed": 0,
      "execution_logs": [
        "[START] Test execution started: TC-UI-003",
        "[INFO] Module: Login System",
        "[INFO] Priority: medium",
        "[SETUP] Preconditions verified: None specified",
        "[VALIDATION] All expected results verified",
        "[CLEANUP] Postconditions satisfied",
        "[END] Test PASSED"
      ]
    },
    {
      "test_id": "TC-UI-004",
      "test_name": "Login with special characters",
      "module": "Login System",
      "priority": "low",
      "test_type": "functional",
      "status": "PASSED",
      "execution_time_seconds": 2.01,
      "executed_at": "2025-09-12T21:36:40.621697",
      "test_steps_executed": 0,
      "execution_logs": [
        "[START] Test execution started: TC-UI-004",
        "[INFO] Module: Login System",
        "[INFO] Priority: low",
        "[SETUP] Preconditions verified: None specified",
        "[VALIDATION] All expected results verified",
        "[CLEANUP] Postconditions satisfied",
        "[END] Test PASSED"
      ]
    },
    {
      "test_id": "TC-UI-005",
      "test_name": "Login with keyboard only",
      "module": "Login System",
      "priority": "low",
      "test_type": "functional",
      "status": "PASSED",
      "execution_time_seconds": 3.15,
      "executed_at": "2025-09-12T21:36:40.729062",
      "test_steps_executed": 0,
      "execution_logs": [
        "[START] Test execution started: TC-UI-005",
        "[INFO] Module: Login System",
        "[INFO] Priority: low",
        "[SETUP] Preconditions verified: None specified",
        "[VALIDATION] All expected results verified",
        "[CLEANUP] Postconditions satisfied",
        "[END] Test PASSED"
      ]
    },
    {
      "test_id": "TC-UI-006",
      "test_name": "Login with different browser",
      "module": "Login System",
      "priority": "low",
      "test_type": "functional",
      "status": "PASSED",
      "execution_time_seconds": 2.57,
      "executed_at": "2025-09-12T21:36:40.837543",
      "test_steps_executed": 0,
      "execution_logs": [
        "[START] Test execution started: TC-UI-006",
        "[INFO] Module: Login System",
        "[INFO] Priority: low",
        "[SETUP] Preconditions verified: None specified",
        "[VALIDATION] All expected results verified",
        "[CLEANUP] Postconditions satisfied",
        "[END] Test PASSED"
      ]
    },
    {
      "test_id": "TC-UI-007",
      "test_name": "Login with multiple browser",
      "module": "Login System",
      "priority": "medium",
      "test_type": "functional",
      "status": "PASSED",
      "execution_time_seconds": 4.52,
      "executed_at": "2025-09-12T21:36:40.945862",
      "test_steps_executed": 0,
      "execution_logs": [
        "[START] Test execution started: TC-UI-007",
        "[INFO] Module: Login System",
        "[INFO] Priority: medium",
        "[SETUP] Preconditions verified: None specified",
        "[VALIDATION] All expected results verified",
        "[CLEANUP] Postconditions satisfied",
        "[END] Test PASSED"
      ]
    },
    {
      "test_id": "TC-UI-008",
      "test_name": "Login with different browser and credentials",
      "module": "Login System",
      "priority": "medium",
      "test_type": "functional",
      "status": "PASSED",
      "execution_time_seconds": 1.4,
      "executed_at": "2025-09-12T21:36:41.054869",
      "test_steps_executed": 0,
      "execution_logs": [
        "[START] Test execution started: TC-UI-008",
        "[INFO] Module: Login System",
        "[INFO] Priority: medium",
        "[SETUP] Preconditions verified: None specified",
        "[VALIDATION] All expected results verified",
        "[CLEANUP] Postconditions satisfied",
        "[END] Test PASSED"
      ]
    },
    {
      "test_id": "TC-UI-009",
      "test_name": "Login with incorrect CAPTCHA",
      "module": "Login System",
      "priority": "medium",
      "test_type": "functional",
      "status": "PASSED",
      "execution_time_seconds": 2.79,
      "executed_at": "2025-09-12T21:36:41.164964",
      "test_steps_executed": 0,
      "execution_logs": [
        "[START] Test execution started: TC-UI-009",
        "[INFO] Module: Login System",
        "[INFO] Priority: medium",
        "[SETUP] Preconditions verified: None specified",
        "[VALIDATION] All expected results verified",
        "[CLEANUP] Postconditions satisfied",
        "[END] Test PASSED"
      ]
    },
    {
      "test_id": "TC-UI-010",
      "test_name": "Valid user login with correct credentials",
      "module": "Login System",
      "priority": "high",
      "test_type": "functional",
      "status": "PASSED",
      "execution_time_seconds": 1.87,
      "executed_at": "2025-09-12T21:36:41.275666",
      "test_steps_executed": 0,
      "execution_logs": [
        "[START] Test execution started: TC-UI-010",
        "[INFO] Module: Login System",
        "[INFO] Priority: high",
        "[SETUP] Preconditions verified: None specified",
        "[VALIDATION] All expected results verified",
        "[CLEANUP] Postconditions satisfied",
        "[END] Test PASSED"
      ]
    },
    {
      "test_id": "TC-API-001",
      "test_name": "POST login with valid credentials",
      "module": "Authentication API",
      "priority": "critical",
      "test_type": "functional",
      "status": "PASSED",
      "execution_time_seconds": 3.02,
      "executed_at": "2025-09-12T21:36:41.386153",
      "test_steps_executed": 0,
      "execution_logs": [
        "[START] Test execution started: TC-API-001",
        "[INFO] Module: Authentication API",
        "[INFO] Priority: critical",
        "[SETUP] Preconditions verified: None specified",
        "[VALIDATION] All expected results verified",
        "[CLEANUP] Postconditions satisfied",
        "[END] Test PASSED"
      ]
    },
    {
      "test_id": "TC-API-002",
      "test_name": "POST login with invalid credentials",
      "module": "Authentication API",
      "priority": "critical",
      "test_type": "functional",
      "status": "FAILED",
      "execution_time_seconds": 7.35,
      "executed_at": "2025-09-12T21:36:41.494369",
      "test_steps_executed": 0,
      "execution_logs": [
        "[START] Test execution started: TC-API-002",
        "[INFO] Module: Authentication API",
        "[INFO] Priority: critical",
        "[SETUP] Preconditions verified: None specified",
        "[VALIDATION] Expected result not achieved",
        "[ERROR] Test execution failed",
        "[END] Test FAILED"
      ],
      "failure_reason": "API response validation failed",
      "error_details": {
        "error_type": "AssertionError",
        "error_location": "Step 1",
        "expected_behavior": "System should behave correctly",
        "actual_behavior": "System did not behave as expected",
        "browser_console_errors": [
          "TypeError: Cannot read property 'value' of null",
          "403 Forbidden: Access denied"
        ],
        "network_status": "Connection stable",
        "retry_suggested": true
      },
      "screenshot_path": "screenshots/TC-API-002_failure_20250912_213641.png"
    },
    {
      "test_id": "TC-API-003",
      "test_name": "POST login with special characters",
      "module": "Authentication API",
      "priority": "medium",
      "test_type": "functional",
      "status": "PASSED",
      "execution_time_seconds": 2.27,
      "executed_at": "2025-09-12T21:36:41.604355",
      "test_steps_executed": 0,
      "execution_logs": [
        "[START] Test execution started: TC-API-003",
        "[INFO] Module: Authentication API",
        "[INFO] Priority: medium",
        "[SETUP] Preconditions verified: None specified",
        "[VALIDATION] All expected results verified",
        "[CLEANUP] Postconditions satisfied",
        "[END] Test PASSED"
      ]
    },
    {
      "test_id": "TC-API-004",
      "test_name": "POST login with different browser",
      "module": "Authentication API",
      "priority": "medium",
      "test_type": "functional",
      "status": "PASSED",
      "execution_time_seconds": 2.41,
      "executed_at": "2025-09-12T21:36:41.713220",
      "test_steps_executed": 0,
      "execution_logs": [
        "[START] Test execution started: TC-API-004",
        "[INFO] Module: Authentication API",
        "[INFO] Priority: medium",
        "[SETUP] Preconditions verified: None specified",
        "[VALIDATION] All expected results verified",
        "[CLEANUP] Postconditions satisfied",
        "[END] Test PASSED"
      ]
    },
    {
      "test_id": "TC-API-005",
      "test_name": "POST login with multiple browser",
      "module": "Authentication API",
      "priority": "medium",
      "test_type": "functional",
      "status": "PASSED",
      "execution_time_seconds": 0.65,
      "executed_at": "2025-09-12T21:36:41.823114",
      "test_steps_executed": 0,
      "execution_logs": [
        "[START] Test execution started: TC-API-005",
        "[INFO] Module: Authentication API",
        "[INFO] Priority: medium",
        "[SETUP] Preconditions verified: None specified",
        "[VALIDATION] All expected results verified",
        "[CLEANUP] Postconditions satisfied",
        "[END] Test PASSED"
      ]
    },
    {
      "test_id": "TC-API-006",
      "test_name": "POST login with different browser and credentials",
      "module": "Authentication API",
      "priority": "medium",
      "test_type": "functional",
      "status": "PASSED",
      "execution_time_seconds": 3.31,
      "executed_at": "2025-09-12T21:36:41.931539",
      "test_steps_executed": 0,
      "execution_logs": [
        "[START] Test execution started: TC-API-006",
        "[INFO] Module: Authentication API",
        "[INFO] Priority: medium",
        "[SETUP] Preconditions verified: None specified",
        "[VALIDATION] All expected results verified",
        "[CLEANUP] Postconditions satisfied",
        "[END] Test PASSED"
      ]
    },
    {
      "test_id": "TC-API-007",
      "test_name": "POST login with invalid CAPTCHA",
      "module": "Authentication API",
      "priority": "medium",
      "test_type": "functional",
      "status": "PASSED",
      "execution_time_seconds": 2.1,
      "executed_at": "2025-09-12T21:36:42.041382",
      "test_steps_executed": 0,
      "execution_logs": [
        "[START] Test execution started: TC-API-007",
        "[INFO] Module: Authentication API",
        "[INFO] Priority: medium",
        "[SETUP] Preconditions verified: None specified",
        "[VALIDATION] All expected results verified",
        "[CLEANUP] Postconditions satisfied",
        "[END] Test PASSED"
      ]
    },
    {
      "test_id": "TC-API-008",
      "test_name": "POST login with incorrect CAPTCHA",
      "module": "Authentication API",
      "priority": "medium",
      "test_type": "functional",
      "status": "PASSED",
      "execution_time_seconds": 3.72,
      "executed_at": "2025-09-12T21:36:42.149727",
      "test_steps_executed": 0,
      "execution_logs": [
        "[START] Test execution started: TC-API-008",
        "[INFO] Module: Authentication API",
        "[INFO] Priority: medium",
        "[SETUP] Preconditions verified: None specified",
        "[VALIDATION] All expected results verified",
        "[CLEANUP] Postconditions satisfied",
        "[END] Test PASSED"
      ]
    },
    {
      "test_id": "TC-API-009",
      "test_name": "POST login with a 404 error",
      "module": "Authentication API",
      "priority": "low",
      "test_type": "functional",
      "status": "PASSED",
      "execution_time_seconds": 0.53,
      "executed_at": "2025-09-12T21:36:42.258979",
      "test_steps_executed": 0,
      "execution_logs": [
        "[START] Test execution started: TC-API-009",
        "[INFO] Module: Authentication API",
        "[INFO] Priority: low",
        "[SETUP] Preconditions verified: None specified",
        "[VALIDATION] All expected results verified",
        "[CLEANUP] Postconditions satisfied",
        "[END] Test PASSED"
      ]
    },
    {
      "test_id": "TC-API-010",
      "test_name": "Transaction timeout handling - Users being denied payments within the defined timeframe",
      "module": "Payment System",
      "priority": "critical",
      "test_type": "functional",
      "status": "PASSED",
      "execution_time_seconds": 5.25,
      "executed_at": "2025-09-12T21:36:42.367116",
      "test_steps_executed": 0,
      "execution_logs": [
        "[START] Test execution started: TC-API-010",
        "[INFO] Module: Payment System",
        "[INFO] Priority: critical",
        "[SETUP] Preconditions verified: None specified",
        "[VALIDATION] All expected results verified",
        "[CLEANUP] Postconditions satisfied",
        "[END] Test PASSED"
      ]
    },
    {
      "test_id": "TC-API-011",
      "test_name": "Payment below minimum amount",
      "module": "Payment System",
      "priority": "high",
      "test_type": "functional",
      "status": "PASSED",
      "execution_time_seconds": 1.0,
      "executed_at": "2025-09-12T21:36:42.477015",
      "test_steps_executed": 0,
      "execution_logs": [
        "[START] Test execution started: TC-API-011",
        "[INFO] Module: Payment System",
        "[INFO] Priority: high",
        "[SETUP] Preconditions verified: None specified",
        "[VALIDATION] All expected results verified",
        "[CLEANUP] Postconditions satisfied",
        "[END] Test PASSED"
      ]
    },
    {
      "test_id": "TC-API-012",
      "test_name": "Invalid payment method",
      "module": "Payment System",
      "priority": "medium",
      "test_type": "functional",
      "status": "PASSED",
      "execution_time_seconds": 3.5,
      "executed_at": "2025-09-12T21:36:42.584502",
      "test_steps_executed": 0,
      "execution_logs": [
        "[START] Test execution started: TC-API-012",
        "[INFO] Module: Payment System",
        "[INFO] Priority: medium",
        "[SETUP] Preconditions verified: None specified",
        "[VALIDATION] All expected results verified",
        "[CLEANUP] Postconditions satisfied",
        "[END] Test PASSED"
      ]
    },
    {
      "test_id": "TC-API-013",
      "test_name": "Payment failed with insufficient funds",
      "module": "Payment System",
      "priority": "medium",
      "test_type": "functional",
      "status": "PASSED",
      "execution_time_seconds": 2.53,
      "executed_at": "2025-09-12T21:36:42.693736",
      "test_steps_executed": 0,
      "execution_logs": [
        "[START] Test execution started: TC-API-013",
        "[INFO] Module: Payment System",
        "[INFO] Priority: medium",
        "[SETUP] Preconditions verified: None specified",
        "[VALIDATION] All expected results verified",
        "[CLEANUP] Postconditions satisfied",
        "[END] Test PASSED"
      ]
    },
    {
      "test_id": "TC-API-014",
      "test_name": "Payment processing timeout",
      "module": "Payment System",
      "priority": "medium",
      "test_type": "functional",
      "status": "PASSED",
      "execution_time_seconds": 4.67,
      "executed_at": "2025-09-12T21:36:42.804096",
      "test_steps_executed": 0,
      "execution_logs": [
        "[START] Test execution started: TC-API-014",
        "[INFO] Module: Payment System",
        "[INFO] Priority: medium",
        "[SETUP] Preconditions verified: None specified",
        "[VALIDATION] All expected results verified",
        "[CLEANUP] Postconditions satisfied",
        "[END] Test PASSED"
      ]
    },
    {
      "test_id": "TC-PERF-001",
      "test_name": "Simulating multiple concurrent users attempting payments",
      "module": "Load Test",
      "priority": "high",
      "test_type": "performance",
      "status": "PASSED",
      "execution_time_seconds": 1.19,
      "executed_at": "2025-09-12T21:36:42.913731",
      "test_steps_executed": 0,
      "execution_logs": [
        "[START] Test execution started: TC-PERF-001",
        "[INFO] Module: Load Test",
        "[INFO] Priority: high",
        "[SETUP] Preconditions verified: None specified",
        "[VALIDATION] All expected results verified",
        "[CLEANUP] Postconditions satisfied",
        "[END] Test PASSED"
      ]
    },
    {
      "test_id": "PERF-001",
      "test_name": "50 concurrent users attempting payments",
      "module": "Load Test",
      "priority": "high",
      "test_type": "performance",
      "status": "PASSED",
      "execution_time_seconds": 2.01,
      "executed_at": "2025-09-12T21:36:43.023015",
      "test_steps_executed": 0,
      "execution_logs": [
        "[START] Test execution started: PERF-001",
        "[INFO] Module: Load Test",
        "[INFO] Priority: high",
        "[SETUP] Preconditions verified: None specified",
        "[VALIDATION] All expected results verified",
        "[CLEANUP] Postconditions satisfied",
        "[END] Test PASSED"
      ]
    },
    {
      "test_id": "PERF-002",
      "test_name": "100 concurrent users attempting payments",
      "module": "Load Test",
      "priority": "medium",
      "test_type": "performance",
      "status": "PASSED",
      "execution_time_seconds": 2.02,
      "executed_at": "2025-09-12T21:36:43.132485",
      "test_steps_executed": 0,
      "execution_logs": [
        "[START] Test execution started: PERF-002",
        "[INFO] Module: Load Test",
        "[INFO] Priority: medium",
        "[SETUP] Preconditions verified: None specified",
        "[VALIDATION] All expected results verified",
        "[CLEANUP] Postconditions satisfied",
        "[END] Test PASSED"
      ]
    },
    {
      "test_id": "PERF-003",
      "test_name": "1000 concurrent users attempting payments",
      "module": "Load Test",
      "priority": "high",
      "test_type": "performance",
      "status": "FAILED",
      "execution_time_seconds": 2.23,
      "executed_at": "2025-09-12T21:36:43.241132",
      "test_steps_executed": 0,
      "execution_logs": [
        "[START] Test execution started: PERF-003",
        "[INFO] Module: Load Test",
        "[INFO] Priority: high",
        "[SETUP] Preconditions verified: None specified",
        "[VALIDATION] Expected result not achieved",
        "[ERROR] Test execution failed",
        "[END] Test FAILED"
      ],
      "failure_reason": "Assertion failed on expected result",
      "error_details": {
        "error_type": "AssertionError",
        "error_location": "Step 1",
        "expected_behavior": "System should behave correctly",
        "actual_behavior": "System did not behave as expected",
        "browser_console_errors": [
          "TypeError: Cannot read property 'value' of null",
          "403 Forbidden: Access denied"
        ],
        "network_status": "Connection stable",
        "retry_suggested": true
      },
      "screenshot_path": "screenshots/PERF-003_failure_20250912_213643.png"
    },
    {
      "test_id": "PERF-004",
      "test_name": "Simulating multiple users simultaneously, attempting to exceed system capacity",
      "module": "Stress Test",
      "priority": "high",
      "test_type": "performance",
      "status": "PASSED",
      "execution_time_seconds": 4.48,
      "executed_at": "2025-09-12T21:36:43.350319",
      "test_steps_executed": 0,
      "execution_logs": [
        "[START] Test execution started: PERF-004",
        "[INFO] Module: Stress Test",
        "[INFO] Priority: high",
        "[SETUP] Preconditions verified: None specified",
        "[VALIDATION] All expected results verified",
        "[CLEANUP] Postconditions satisfied",
        "[END] Test PASSED"
      ]
    },
    {
      "test_id": "PERF-005",
      "test_name": "5 users attempting to make 100 payments",
      "module": "Stress Test",
      "priority": "medium",
      "test_type": "performance",
      "status": "PASSED",
      "execution_time_seconds": 2.65,
      "executed_at": "2025-09-12T21:36:43.460631",
      "test_steps_executed": 0,
      "execution_logs": [
        "[START] Test execution started: PERF-005",
        "[INFO] Module: Stress Test",
        "[INFO] Priority: medium",
        "[SETUP] Preconditions verified: None specified",
        "[VALIDATION] All expected results verified",
        "[CLEANUP] Postconditions satisfied",
        "[END] Test PASSED"
      ]
    },
    {
      "test_id": "PERF-006",
      "test_name": "10 users attempting to make 1000 payments",
      "module": "Stress Test",
      "priority": "medium",
      "test_type": "performance",
      "status": "PASSED",
      "execution_time_seconds": 3.01,
      "executed_at": "2025-09-12T21:36:43.569252",
      "test_steps_executed": 0,
      "execution_logs": [
        "[START] Test execution started: PERF-006",
        "[INFO] Module: Stress Test",
        "[INFO] Priority: medium",
        "[SETUP] Preconditions verified: None specified",
        "[VALIDATION] All expected results verified",
        "[CLEANUP] Postconditions satisfied",
        "[END] Test PASSED"
      ]
    },
    {
      "test_id": "PERF-007",
      "test_name": "300 users attempting to make 500 payments",
      "module": "Stress Test",
      "priority": "high",
      "test_type": "performance",
      "status": "FAILED",
      "execution_time_seconds": 2.4,
      "executed_at": "2025-09-12T21:36:43.677808",
      "test_steps_executed": 0,
      "execution_logs": [
        "[START] Test execution started: PERF-007",
        "[INFO] Module: Stress Test",
        "[INFO] Priority: high",
        "[SETUP] Preconditions verified: None specified",
        "[VALIDATION] Expected result not achieved",
        "[ERROR] Test execution failed",
        "[END] Test FAILED"
      ],
      "failure_reason": "Assertion failed on expected result",
      "error_details": {
        "error_type": "AssertionError",
        "error_location": "Step 1",
        "expected_behavior": "System should behave correctly",
        "actual_behavior": "System did not behave as expected",
        "browser_console_errors": [
          "TypeError: Cannot read property 'value' of null",
          "403 Forbidden: Access denied"
        ],
        "network_status": "Connection stable",
        "retry_suggested": true
      },
      "screenshot_path": "screenshots/PERF-007_failure_20250912_213643.png"
    },
    {
      "test_id": "PERF-008",
      "test_name": "Simulating a surge in transactions",
      "module": "Stress Test",
      "priority": "medium",
      "test_type": "performance",
      "status": "FAILED",
      "execution_time_seconds": 3.93,
      "executed_at": "2025-09-12T21:36:43.786266",
      "test_steps_executed": 0,
      "execution_logs": [
        "[START] Test execution started: PERF-008",
        "[INFO] Module: Stress Test",
        "[INFO] Priority: medium",
        "[SETUP] Preconditions verified: None specified",
        "[VALIDATION] Expected result not achieved",
        "[ERROR] Test execution failed",
        "[END] Test FAILED"
      ],
      "failure_reason": "Database state inconsistency",
      "error_details": {
        "error_type": "AssertionError",
        "error_location": "Step 1",
        "expected_behavior": "System should behave correctly",
        "actual_behavior": "System did not behave as expected",
        "browser_console_errors": [
          "TypeError: Cannot read property 'value' of null",
          "403 Forbidden: Access denied"
        ],
        "network_status": "Connection stable",
        "retry_suggested": true
      },
      "screenshot_path": "screenshots/PERF-008_failure_20250912_213643.png"
    }
  ],
  "summary": {
    "total_tests": 33,
    "passed": 29,
    "failed": 4,
    "pass_rate_percentage": 87.88,
    "total_execution_time_seconds": 88.22,
    "average_execution_time_seconds": 2.67
  },
  "execution_end": "2025-09-12T21:36:43.786578"
}