{
  "execution_id": "EXEC_20250913_000418",
  "execution_start": "2025-09-13T00:04:18.089651",
  "test_source": "c:\\Users\\ansha\\Desktop\\TESTING\\testing_throughmcp\\src\\data\\output\\generated_tests_20250913_000255.json",
  "environment": "UAT_SIMULATION",
  "agent_info": {
    "agent_id": "ai-test-executor",
    "version": "1.0.0"
  },
  "execution_results": [
    {
      "test_id": "TC-UI-001",
      "test_name": "Valid user login with correct credentials",
      "module": "Login System",
      "priority": "high",
      "test_type": "functional",
      "status": "PASSED",
      "execution_time_seconds": 3.31,
      "executed_at": "2025-09-13T00:04:18.197943",
      "test_steps_executed": 0,
      "execution_logs": [
        "[START] Test execution started: TC-UI-001",
        "[INFO] Module: Login System",
        "[INFO] Priority: high",
        "[SETUP] Preconditions verified: None specified",
        "[VALIDATION] All expected results verified",
        "[CLEANUP] Postconditions satisfied",
        "[END] Test PASSED"
      ]
    },
    {
      "test_id": "TC-UI-002",
      "test_name": "Invalid login with wrong password",
      "module": "Login System",
      "priority": "high",
      "test_type": "functional",
      "status": "PASSED",
      "execution_time_seconds": 0.87,
      "executed_at": "2025-09-13T00:04:18.301216",
      "test_steps_executed": 0,
      "execution_logs": [
        "[START] Test execution started: TC-UI-002",
        "[INFO] Module: Login System",
        "[INFO] Priority: high",
        "[SETUP] Preconditions verified: None specified",
        "[VALIDATION] All expected results verified",
        "[CLEANUP] Postconditions satisfied",
        "[END] Test PASSED"
      ]
    },
    {
      "test_id": "TC-UI-003",
      "test_name": "Invalid email/password combination",
      "module": "Login System",
      "priority": "medium",
      "test_type": "functional",
      "status": "PASSED",
      "execution_time_seconds": 2.26,
      "executed_at": "2025-09-13T00:04:18.405793",
      "test_steps_executed": 0,
      "execution_logs": [
        "[START] Test execution started: TC-UI-003",
        "[INFO] Module: Login System",
        "[INFO] Priority: medium",
        "[SETUP] Preconditions verified: None specified",
        "[VALIDATION] All expected results verified",
        "[CLEANUP] Postconditions satisfied",
        "[END] Test PASSED"
      ]
    },
    {
      "test_id": "TC-UI-004",
      "test_name": "Login with missing credentials",
      "module": "Login System",
      "priority": "medium",
      "test_type": "functional",
      "status": "PASSED",
      "execution_time_seconds": 2.32,
      "executed_at": "2025-09-13T00:04:18.514028",
      "test_steps_executed": 0,
      "execution_logs": [
        "[START] Test execution started: TC-UI-004",
        "[INFO] Module: Login System",
        "[INFO] Priority: medium",
        "[SETUP] Preconditions verified: None specified",
        "[VALIDATION] All expected results verified",
        "[CLEANUP] Postconditions satisfied",
        "[END] Test PASSED"
      ]
    },
    {
      "test_id": "TC-UI-005",
      "test_name": "Login with blank fields",
      "module": "Login System",
      "priority": "low",
      "test_type": "functional",
      "status": "PASSED",
      "execution_time_seconds": 1.85,
      "executed_at": "2025-09-13T00:04:18.625219",
      "test_steps_executed": 0,
      "execution_logs": [
        "[START] Test execution started: TC-UI-005",
        "[INFO] Module: Login System",
        "[INFO] Priority: low",
        "[SETUP] Preconditions verified: None specified",
        "[VALIDATION] All expected results verified",
        "[CLEANUP] Postconditions satisfied",
        "[END] Test PASSED"
      ]
    },
    {
      "test_id": "TC-UI-006",
      "test_name": "Login with incorrect username",
      "module": "Login System",
      "priority": "medium",
      "test_type": "functional",
      "status": "PASSED",
      "execution_time_seconds": 0.58,
      "executed_at": "2025-09-13T00:04:18.726477",
      "test_steps_executed": 0,
      "execution_logs": [
        "[START] Test execution started: TC-UI-006",
        "[INFO] Module: Login System",
        "[INFO] Priority: medium",
        "[SETUP] Preconditions verified: None specified",
        "[VALIDATION] All expected results verified",
        "[CLEANUP] Postconditions satisfied",
        "[END] Test PASSED"
      ]
    },
    {
      "test_id": "TC-UI-007",
      "test_name": "Login with correct username and password",
      "module": "Login System",
      "priority": "high",
      "test_type": "functional",
      "status": "PASSED",
      "execution_time_seconds": 1.9,
      "executed_at": "2025-09-13T00:04:18.828986",
      "test_steps_executed": 0,
      "execution_logs": [
        "[START] Test execution started: TC-UI-007",
        "[INFO] Module: Login System",
        "[INFO] Priority: high",
        "[SETUP] Preconditions verified: None specified",
        "[VALIDATION] All expected results verified",
        "[CLEANUP] Postconditions satisfied",
        "[END] Test PASSED"
      ]
    },
    {
      "test_id": "TC-UI-008",
      "test_name": "Login with special characters in username",
      "module": "Login System",
      "priority": "low",
      "test_type": "functional",
      "status": "PASSED",
      "execution_time_seconds": 3.44,
      "executed_at": "2025-09-13T00:04:18.934561",
      "test_steps_executed": 0,
      "execution_logs": [
        "[START] Test execution started: TC-UI-008",
        "[INFO] Module: Login System",
        "[INFO] Priority: low",
        "[SETUP] Preconditions verified: None specified",
        "[VALIDATION] All expected results verified",
        "[CLEANUP] Postconditions satisfied",
        "[END] Test PASSED"
      ]
    },
    {
      "test_id": "TC-UI-009",
      "test_name": "Invalid username",
      "module": "Login System",
      "priority": "medium",
      "test_type": "functional",
      "status": "PASSED",
      "execution_time_seconds": 3.24,
      "executed_at": "2025-09-13T00:04:19.045534",
      "test_steps_executed": 0,
      "execution_logs": [
        "[START] Test execution started: TC-UI-009",
        "[INFO] Module: Login System",
        "[INFO] Priority: medium",
        "[SETUP] Preconditions verified: None specified",
        "[VALIDATION] All expected results verified",
        "[CLEANUP] Postconditions satisfied",
        "[END] Test PASSED"
      ]
    },
    {
      "test_id": "TC-UI-010",
      "test_name": "Login with various special characters in the username",
      "module": "Login System",
      "priority": "high",
      "test_type": "functional",
      "status": "PASSED",
      "execution_time_seconds": 3.86,
      "executed_at": "2025-09-13T00:04:19.161229",
      "test_steps_executed": 0,
      "execution_logs": [
        "[START] Test execution started: TC-UI-010",
        "[INFO] Module: Login System",
        "[INFO] Priority: high",
        "[SETUP] Preconditions verified: None specified",
        "[VALIDATION] All expected results verified",
        "[CLEANUP] Postconditions satisfied",
        "[END] Test PASSED"
      ]
    },
    {
      "test_id": "TC-API-001",
      "test_name": "POST login with valid credentials",
      "module": "Authentication API",
      "priority": "critical",
      "test_type": "functional",
      "status": "PASSED",
      "execution_time_seconds": 6.85,
      "executed_at": "2025-09-13T00:04:19.268330",
      "test_steps_executed": 0,
      "execution_logs": [
        "[START] Test execution started: TC-API-001",
        "[INFO] Module: Authentication API",
        "[INFO] Priority: critical",
        "[SETUP] Preconditions verified: None specified",
        "[VALIDATION] All expected results verified",
        "[CLEANUP] Postconditions satisfied",
        "[END] Test PASSED"
      ]
    },
    {
      "test_id": "TC-API-002",
      "test_name": "POST login with invalid credentials",
      "module": "Authentication API",
      "priority": "critical",
      "test_type": "functional",
      "status": "FAILED",
      "execution_time_seconds": 4.17,
      "executed_at": "2025-09-13T00:04:19.376121",
      "test_steps_executed": 0,
      "execution_logs": [
        "[START] Test execution started: TC-API-002",
        "[INFO] Module: Authentication API",
        "[INFO] Priority: critical",
        "[SETUP] Preconditions verified: None specified",
        "[VALIDATION] Expected result not achieved",
        "[ERROR] Test execution failed",
        "[END] Test FAILED"
      ],
      "failure_reason": "API response validation failed",
      "error_details": {
        "error_type": "AssertionError",
        "error_location": "Step 1",
        "expected_behavior": "System should behave correctly",
        "actual_behavior": "System did not behave as expected",
        "browser_console_errors": [
          "TypeError: Cannot read property 'value' of null",
          "403 Forbidden: Access denied"
        ],
        "network_status": "Connection stable",
        "retry_suggested": true
      },
      "screenshot_path": "screenshots/TC-API-002_failure_20250913_000419.png"
    },
    {
      "test_id": "TC-API-003",
      "test_name": "POST login with no credentials",
      "module": "Authentication API",
      "priority": "high",
      "test_type": "functional",
      "status": "PASSED",
      "execution_time_seconds": 3.84,
      "executed_at": "2025-09-13T00:04:19.481603",
      "test_steps_executed": 0,
      "execution_logs": [
        "[START] Test execution started: TC-API-003",
        "[INFO] Module: Authentication API",
        "[INFO] Priority: high",
        "[SETUP] Preconditions verified: None specified",
        "[VALIDATION] All expected results verified",
        "[CLEANUP] Postconditions satisfied",
        "[END] Test PASSED"
      ]
    },
    {
      "test_id": "TC-API-004",
      "test_name": "POST login with missing required fields",
      "module": "Authentication API",
      "priority": "medium",
      "test_type": "functional",
      "status": "PASSED",
      "execution_time_seconds": 0.83,
      "executed_at": "2025-09-13T00:04:19.585510",
      "test_steps_executed": 0,
      "execution_logs": [
        "[START] Test execution started: TC-API-004",
        "[INFO] Module: Authentication API",
        "[INFO] Priority: medium",
        "[SETUP] Preconditions verified: None specified",
        "[VALIDATION] All expected results verified",
        "[CLEANUP] Postconditions satisfied",
        "[END] Test PASSED"
      ]
    },
    {
      "test_id": "TC-API-005",
      "test_name": "POST login with incorrect email",
      "module": "Authentication API",
      "priority": "medium",
      "test_type": "functional",
      "status": "PASSED",
      "execution_time_seconds": 2.36,
      "executed_at": "2025-09-13T00:04:19.721250",
      "test_steps_executed": 0,
      "execution_logs": [
        "[START] Test execution started: TC-API-005",
        "[INFO] Module: Authentication API",
        "[INFO] Priority: medium",
        "[SETUP] Preconditions verified: None specified",
        "[VALIDATION] All expected results verified",
        "[CLEANUP] Postconditions satisfied",
        "[END] Test PASSED"
      ]
    },
    {
      "test_id": "TC-API-006",
      "test_name": "POST login with correct email and password",
      "module": "Authentication API",
      "priority": "high",
      "test_type": "functional",
      "status": "FAILED",
      "execution_time_seconds": 2.6,
      "executed_at": "2025-09-13T00:04:19.833744",
      "test_steps_executed": 0,
      "execution_logs": [
        "[START] Test execution started: TC-API-006",
        "[INFO] Module: Authentication API",
        "[INFO] Priority: high",
        "[SETUP] Preconditions verified: None specified",
        "[VALIDATION] Expected result not achieved",
        "[ERROR] Test execution failed",
        "[END] Test FAILED"
      ],
      "failure_reason": "Database state inconsistency",
      "error_details": {
        "error_type": "AssertionError",
        "error_location": "Step 1",
        "expected_behavior": "System should behave correctly",
        "actual_behavior": "System did not behave as expected",
        "browser_console_errors": [
          "TypeError: Cannot read property 'value' of null",
          "403 Forbidden: Access denied"
        ],
        "network_status": "Connection stable",
        "retry_suggested": true
      },
      "screenshot_path": "screenshots/TC-API-006_failure_20250913_000419.png"
    },
    {
      "test_id": "TC-API-007",
      "test_name": "POST login with invalid email format",
      "module": "Authentication API",
      "priority": "medium",
      "test_type": "functional",
      "status": "PASSED",
      "execution_time_seconds": 3.53,
      "executed_at": "2025-09-13T00:04:19.943951",
      "test_steps_executed": 0,
      "execution_logs": [
        "[START] Test execution started: TC-API-007",
        "[INFO] Module: Authentication API",
        "[INFO] Priority: medium",
        "[SETUP] Preconditions verified: None specified",
        "[VALIDATION] All expected results verified",
        "[CLEANUP] Postconditions satisfied",
        "[END] Test PASSED"
      ]
    },
    {
      "test_id": "TC-API-008",
      "test_name": "POST login with special characters in the email",
      "module": "Authentication API",
      "priority": "low",
      "test_type": "functional",
      "status": "PASSED",
      "execution_time_seconds": 2.71,
      "executed_at": "2025-09-13T00:04:20.049806",
      "test_steps_executed": 0,
      "execution_logs": [
        "[START] Test execution started: TC-API-008",
        "[INFO] Module: Authentication API",
        "[INFO] Priority: low",
        "[SETUP] Preconditions verified: None specified",
        "[VALIDATION] All expected results verified",
        "[CLEANUP] Postconditions satisfied",
        "[END] Test PASSED"
      ]
    },
    {
      "test_id": "TC-PERF-001",
      "test_name": "Load test with 50 concurrent users",
      "module": "Load Test",
      "priority": "medium",
      "test_type": "functional",
      "status": "PASSED",
      "execution_time_seconds": 1.72,
      "executed_at": "2025-09-13T00:04:20.155328",
      "test_steps_executed": 0,
      "execution_logs": [
        "[START] Test execution started: TC-PERF-001",
        "[INFO] Module: Load Test",
        "[INFO] Priority: medium",
        "[SETUP] Preconditions verified: None specified",
        "[VALIDATION] All expected results verified",
        "[CLEANUP] Postconditions satisfied",
        "[END] Test PASSED"
      ]
    },
    {
      "test_id": "TC-PERF-002",
      "test_name": "Load test with 100 concurrent users",
      "module": "Load Test",
      "priority": "medium",
      "test_type": "functional",
      "status": "PASSED",
      "execution_time_seconds": 3.98,
      "executed_at": "2025-09-13T00:04:20.268630",
      "test_steps_executed": 0,
      "execution_logs": [
        "[START] Test execution started: TC-PERF-002",
        "[INFO] Module: Load Test",
        "[INFO] Priority: medium",
        "[SETUP] Preconditions verified: None specified",
        "[VALIDATION] All expected results verified",
        "[CLEANUP] Postconditions satisfied",
        "[END] Test PASSED"
      ]
    },
    {
      "test_id": "TC-PERF-003",
      "test_name": "Load test with 200 concurrent users",
      "module": "Load Test",
      "priority": "high",
      "test_type": "functional",
      "status": "FAILED",
      "execution_time_seconds": 3.53,
      "executed_at": "2025-09-13T00:04:20.372451",
      "test_steps_executed": 0,
      "execution_logs": [
        "[START] Test execution started: TC-PERF-003",
        "[INFO] Module: Load Test",
        "[INFO] Priority: high",
        "[SETUP] Preconditions verified: None specified",
        "[VALIDATION] Expected result not achieved",
        "[ERROR] Test execution failed",
        "[END] Test FAILED"
      ],
      "failure_reason": "Unexpected system behavior",
      "error_details": {
        "error_type": "AssertionError",
        "error_location": "Step 1",
        "expected_behavior": "System should behave correctly",
        "actual_behavior": "System did not behave as expected",
        "browser_console_errors": [
          "TypeError: Cannot read property 'value' of null",
          "403 Forbidden: Access denied"
        ],
        "network_status": "Connection stable",
        "retry_suggested": true
      },
      "screenshot_path": "screenshots/TC-PERF-003_failure_20250913_000420.png"
    },
    {
      "test_id": "TC-PERF-004",
      "test_name": "Stress Test - Simulate large number of users",
      "module": "Load Test",
      "priority": "high",
      "test_type": "functional",
      "status": "PASSED",
      "execution_time_seconds": 1.54,
      "executed_at": "2025-09-13T00:04:20.488918",
      "test_steps_executed": 0,
      "execution_logs": [
        "[START] Test execution started: TC-PERF-004",
        "[INFO] Module: Load Test",
        "[INFO] Priority: high",
        "[SETUP] Preconditions verified: None specified",
        "[VALIDATION] All expected results verified",
        "[CLEANUP] Postconditions satisfied",
        "[END] Test PASSED"
      ]
    },
    {
      "test_id": "TC-PERF-005",
      "test_name": "Stress Test - 1000 concurrent users",
      "module": "Load Test",
      "priority": "critical",
      "test_type": "functional",
      "status": "PASSED",
      "execution_time_seconds": 2.13,
      "executed_at": "2025-09-13T00:04:20.595252",
      "test_steps_executed": 0,
      "execution_logs": [
        "[START] Test execution started: TC-PERF-005",
        "[INFO] Module: Load Test",
        "[INFO] Priority: critical",
        "[SETUP] Preconditions verified: None specified",
        "[VALIDATION] All expected results verified",
        "[CLEANUP] Postconditions satisfied",
        "[END] Test PASSED"
      ]
    },
    {
      "test_id": "TC-PERF-006",
      "test_name": "Stress Test - 1 second",
      "module": "Performance Test - 1 second",
      "priority": "high",
      "test_type": "functional",
      "status": "FAILED",
      "execution_time_seconds": 3.64,
      "executed_at": "2025-09-13T00:04:20.705524",
      "test_steps_executed": 0,
      "execution_logs": [
        "[START] Test execution started: TC-PERF-006",
        "[INFO] Module: Performance Test - 1 second",
        "[INFO] Priority: high",
        "[SETUP] Preconditions verified: None specified",
        "[VALIDATION] Expected result not achieved",
        "[ERROR] Test execution failed",
        "[END] Test FAILED"
      ],
      "failure_reason": "Database state inconsistency",
      "error_details": {
        "error_type": "AssertionError",
        "error_location": "Step 1",
        "expected_behavior": "System should behave correctly",
        "actual_behavior": "System did not behave as expected",
        "browser_console_errors": [
          "TypeError: Cannot read property 'value' of null",
          "403 Forbidden: Access denied"
        ],
        "network_status": "Connection stable",
        "retry_suggested": true
      },
      "screenshot_path": "screenshots/TC-PERF-006_failure_20250913_000420.png"
    },
    {
      "test_id": "TC-UI-001",
      "test_name": "Valid user login with correct credentials",
      "module": "Login System",
      "priority": "high",
      "test_type": "functional",
      "status": "FAILED",
      "execution_time_seconds": 1.83,
      "executed_at": "2025-09-13T00:04:20.809071",
      "test_steps_executed": 0,
      "execution_logs": [
        "[START] Test execution started: TC-UI-001",
        "[INFO] Module: Login System",
        "[INFO] Priority: high",
        "[SETUP] Preconditions verified: None specified",
        "[VALIDATION] Expected result not achieved",
        "[ERROR] Test execution failed",
        "[END] Test FAILED"
      ],
      "failure_reason": "Database state inconsistency",
      "error_details": {
        "error_type": "AssertionError",
        "error_location": "Step 1",
        "expected_behavior": "System should behave correctly",
        "actual_behavior": "System did not behave as expected",
        "browser_console_errors": [
          "TypeError: Cannot read property 'value' of null",
          "403 Forbidden: Access denied"
        ],
        "network_status": "Connection stable",
        "retry_suggested": true
      },
      "screenshot_path": "screenshots/TC-UI-001_failure_20250913_000420.png"
    },
    {
      "test_id": "TC-UI-002",
      "test_name": "Invalid login with wrong password",
      "module": "Login System",
      "priority": "high",
      "test_type": "functional",
      "status": "PASSED",
      "execution_time_seconds": 2.62,
      "executed_at": "2025-09-13T00:04:20.923507",
      "test_steps_executed": 0,
      "execution_logs": [
        "[START] Test execution started: TC-UI-002",
        "[INFO] Module: Login System",
        "[INFO] Priority: high",
        "[SETUP] Preconditions verified: None specified",
        "[VALIDATION] All expected results verified",
        "[CLEANUP] Postconditions satisfied",
        "[END] Test PASSED"
      ]
    },
    {
      "test_id": "TC-UI-003",
      "test_name": "Login with valid username and password",
      "module": "Login System",
      "priority": "high",
      "test_type": "functional",
      "status": "FAILED",
      "execution_time_seconds": 2.47,
      "executed_at": "2025-09-13T00:04:21.038756",
      "test_steps_executed": 0,
      "execution_logs": [
        "[START] Test execution started: TC-UI-003",
        "[INFO] Module: Login System",
        "[INFO] Priority: high",
        "[SETUP] Preconditions verified: None specified",
        "[VALIDATION] Expected result not achieved",
        "[ERROR] Test execution failed",
        "[END] Test FAILED"
      ],
      "failure_reason": "Element not found on page",
      "error_details": {
        "error_type": "AssertionError",
        "error_location": "Step 1",
        "expected_behavior": "System should behave correctly",
        "actual_behavior": "System did not behave as expected",
        "browser_console_errors": [
          "TypeError: Cannot read property 'value' of null",
          "403 Forbidden: Access denied"
        ],
        "network_status": "Connection stable",
        "retry_suggested": true
      },
      "screenshot_path": "screenshots/TC-UI-003_failure_20250913_000421.png"
    },
    {
      "test_id": "TC-UI-004",
      "test_name": "Login with invalid username",
      "module": "Login System",
      "priority": "medium",
      "test_type": "functional",
      "status": "PASSED",
      "execution_time_seconds": 4.11,
      "executed_at": "2025-09-13T00:04:21.150673",
      "test_steps_executed": 0,
      "execution_logs": [
        "[START] Test execution started: TC-UI-004",
        "[INFO] Module: Login System",
        "[INFO] Priority: medium",
        "[SETUP] Preconditions verified: None specified",
        "[VALIDATION] All expected results verified",
        "[CLEANUP] Postconditions satisfied",
        "[END] Test PASSED"
      ]
    },
    {
      "test_id": "TC-UI-005",
      "test_name": "Login with correct username and password",
      "module": "Login System",
      "priority": "high",
      "test_type": "functional",
      "status": "FAILED",
      "execution_time_seconds": 2.93,
      "executed_at": "2025-09-13T00:04:21.262927",
      "test_steps_executed": 0,
      "execution_logs": [
        "[START] Test execution started: TC-UI-005",
        "[INFO] Module: Login System",
        "[INFO] Priority: high",
        "[SETUP] Preconditions verified: None specified",
        "[VALIDATION] Expected result not achieved",
        "[ERROR] Test execution failed",
        "[END] Test FAILED"
      ],
      "failure_reason": "Database state inconsistency",
      "error_details": {
        "error_type": "AssertionError",
        "error_location": "Step 1",
        "expected_behavior": "System should behave correctly",
        "actual_behavior": "System did not behave as expected",
        "browser_console_errors": [
          "TypeError: Cannot read property 'value' of null",
          "403 Forbidden: Access denied"
        ],
        "network_status": "Connection stable",
        "retry_suggested": true
      },
      "screenshot_path": "screenshots/TC-UI-005_failure_20250913_000421.png"
    },
    {
      "test_id": "TC-UI-006",
      "test_name": "Login with special characters in username",
      "module": "Login System",
      "priority": "medium",
      "test_type": "functional",
      "status": "PASSED",
      "execution_time_seconds": 2.68,
      "executed_at": "2025-09-13T00:04:21.374524",
      "test_steps_executed": 0,
      "execution_logs": [
        "[START] Test execution started: TC-UI-006",
        "[INFO] Module: Login System",
        "[INFO] Priority: medium",
        "[SETUP] Preconditions verified: None specified",
        "[VALIDATION] All expected results verified",
        "[CLEANUP] Postconditions satisfied",
        "[END] Test PASSED"
      ]
    }
  ],
  "summary": {
    "total_tests": 30,
    "passed": 23,
    "failed": 7,
    "pass_rate_percentage": 76.67,
    "total_execution_time_seconds": 83.7,
    "average_execution_time_seconds": 2.79
  },
  "execution_end": "2025-09-13T00:04:21.374983"
}