{
  "execution_id": "EXEC_20250912_205119",
  "execution_start": "2025-09-12T20:51:19.599258",
  "test_source": "../../data/output/generated_tests_20250912_010532.json",
  "environment": "UAT_SIMULATION",
  "agent_info": {
    "agent_id": "ai-test-executor",
    "version": "1.0.0"
  },
  "execution_results": [
    {
      "test_id": "TC-GEN-001",
      "test_name": "Lack of robust validation of card number, expiry date, and verification charges.",
      "module": "User Registration & Login",
      "priority": "critical",
      "test_type": "functional/security/validation",
      "status": "PASSED",
      "execution_time_seconds": 1.52,
      "executed_at": "2025-09-12T20:51:19.703206",
      "test_steps_executed": 6,
      "execution_logs": [
        "[START] Test execution started: TC-GEN-001",
        "[INFO] Module: User Registration & Login",
        "[INFO] Priority: critical",
        "[SETUP] Preconditions verified: User is successfully registered and has valid credentials.",
        "[STEP 1] Enter invalid card number (e.g., non-numeric, incorrect form...",
        "[STEP 1] \u2713 Success",
        "[STEP 2] Enter invalid expiry date (e.g., out of range).",
        "[STEP 2] \u2713 Success",
        "[STEP 3] Enter invalid verification charge.",
        "[STEP 3] \u2713 Success",
        "[STEP 4] Submit form.",
        "[STEP 4] \u2713 Success",
        "[STEP 5] Verify that the application rejects the form and displays an...",
        "[STEP 5] \u2713 Success",
        "[VALIDATION] All expected results verified",
        "[CLEANUP] Postconditions satisfied",
        "[END] Test PASSED"
      ]
    },
    {
      "test_id": "TC-GEN-002",
      "test_name": "Insufficient testing of payment methods, particularly during complex scenarios.",
      "module": "Credit Card Management",
      "priority": "high",
      "test_type": "functional/performance/payment_methods",
      "status": "PASSED",
      "execution_time_seconds": 1.05,
      "executed_at": "2025-09-12T20:51:19.803763",
      "test_steps_executed": 6,
      "execution_logs": [
        "[START] Test execution started: TC-GEN-002",
        "[INFO] Module: Credit Card Management",
        "[INFO] Priority: high",
        "[SETUP] Preconditions verified: User is logged in and has multiple credit cards.",
        "[STEP 1] Add multiple credit cards (e.g., 6, 12, 24).",
        "[STEP 1] \u2713 Success",
        "[STEP 2] Attempt payment with each card.",
        "[STEP 2] \u2713 Success",
        "[STEP 3] Verify that the payment amount is calculated correctly.",
        "[STEP 3] \u2713 Success",
        "[STEP 4] Verify that minimum and maximum payment values are properly ...",
        "[STEP 4] \u2713 Success",
        "[STEP 5] Verify that the payment is successfully completed for some c...",
        "[STEP 5] \u2713 Success",
        "[VALIDATION] All expected results verified",
        "[CLEANUP] Postconditions satisfied",
        "[END] Test PASSED"
      ]
    },
    {
      "test_id": "TC-GEN-003",
      "test_name": "Lack of comprehensive testing of payment methods, particularly during complex scenarios.",
      "module": "Bill Payment",
      "priority": "high",
      "test_type": "functional/performance/payment_methods",
      "status": "PASSED",
      "execution_time_seconds": 4.11,
      "executed_at": "2025-09-12T20:51:19.918937",
      "test_steps_executed": 6,
      "execution_logs": [
        "[START] Test execution started: TC-GEN-003",
        "[INFO] Module: Bill Payment",
        "[INFO] Priority: high",
        "[SETUP] Preconditions verified: User is logged in and has multiple credit cards",
        "[STEP 1] Add a bill with a complex payment amount (e.g., partial paym...",
        "[STEP 1] \u2713 Success",
        "[STEP 2] Attempt payment with each card.",
        "[STEP 2] \u2713 Success",
        "[STEP 3] Verify that the payment amount is calculated correctly.",
        "[STEP 3] \u2713 Success",
        "[STEP 4] Verify that minimum and maximum payment values are properly ...",
        "[STEP 4] \u2713 Success",
        "[STEP 5] Verify that the payment is successfully completed for some c...",
        "[STEP 5] \u2713 Success",
        "[VALIDATION] All expected results verified",
        "[CLEANUP] Postconditions satisfied",
        "[END] Test PASSED"
      ]
    },
    {
      "test_id": "TC-GEN-004",
      "test_name": "Missing testing of reward point redemption scenarios, including different redemption thresholds and fallback mechanisms.",
      "module": "Rewards System",
      "priority": "medium",
      "test_type": "functional/performance/reward_redemption",
      "status": "FAILED",
      "execution_time_seconds": 0.72,
      "executed_at": "2025-09-12T20:51:20.019939",
      "test_steps_executed": 4,
      "execution_logs": [
        "[START] Test execution started: TC-GEN-004",
        "[INFO] Module: Rewards System",
        "[INFO] Priority: medium",
        "[SETUP] Preconditions verified: User has accrued rewards points.",
        "[STEP 1] Attempt redemption of a reward point for a minimum amount (e...",
        "[STEP 1] \u2713 Success",
        "[STEP 2] Attempt redemption of a reward point for a maximum amount (e...",
        "[STEP 2] \u2713 Success",
        "[STEP 3] Attempt redemption for a higher amount (e.g., \u00e2\u201a\u00b950000).",
        "[STEP 3] \u2713 Success",
        "[STEP 4] Attempt redemption with a non-valid reward point code.",
        "[ERROR] Step 4 failed - test execution stopped",
        "[VALIDATION] Expected result not achieved",
        "[ERROR] Test execution failed",
        "[END] Test FAILED"
      ],
      "failure_reason": "Reward point calculation mismatch",
      "error_details": {
        "error_type": "AssertionError",
        "error_location": "Step 1",
        "expected_behavior": "The application handles invalid reward points correctly.",
        "actual_behavior": "System did not behave as expected",
        "browser_console_errors": [
          "TypeError: Cannot read property 'value' of null",
          "403 Forbidden: Access denied"
        ],
        "network_status": "Connection stable",
        "retry_suggested": true
      },
      "screenshot_path": "screenshots/TC-GEN-004_failure_20250912_205120.png"
    },
    {
      "test_id": "TC-GEN-005",
      "test_name": "Insufficient testing of transaction filtering and data display functionalities.",
      "module": "Transaction History",
      "priority": "medium",
      "test_type": "functional/performance/transaction_history",
      "status": "PASSED",
      "execution_time_seconds": 3.69,
      "executed_at": "2025-09-12T20:51:20.135409",
      "test_steps_executed": 6,
      "execution_logs": [
        "[START] Test execution started: TC-GEN-005",
        "[INFO] Module: Transaction History",
        "[INFO] Priority: medium",
        "[SETUP] Preconditions verified: User has a history of transactions.",
        "[STEP 1] Attempt to filter transactions by date range.",
        "[STEP 1] \u2713 Success",
        "[STEP 2] Attempt to filter transactions by card type.",
        "[STEP 2] \u2713 Success",
        "[STEP 3] Attempt to filter transactions by amount.",
        "[STEP 3] \u2713 Success",
        "[STEP 4] Attempt to filter transactions by payment method.",
        "[STEP 4] \u2713 Success",
        "[STEP 5] Verify that the results are correctly displayed.",
        "[STEP 5] \u2713 Success",
        "[VALIDATION] All expected results verified",
        "[CLEANUP] Postconditions satisfied",
        "[END] Test PASSED"
      ]
    },
    {
      "test_id": "TC-GEN-006",
      "test_name": "Insufficient testing of OTP verification and session management across all critical functionalities.",
      "module": "Security",
      "priority": "critical",
      "test_type": "functional/security/security",
      "status": "PASSED",
      "execution_time_seconds": 1.58,
      "executed_at": "2025-09-12T20:51:20.251065",
      "test_steps_executed": 6,
      "execution_logs": [
        "[START] Test execution started: TC-GEN-006",
        "[INFO] Module: Security",
        "[INFO] Priority: critical",
        "[SETUP] Preconditions verified: User is logged in and attempting sensitive transactions.",
        "[STEP 1] Attempt to enter a valid OTP code in a critical transaction.",
        "[STEP 1] \u2713 Success",
        "[STEP 2] Attempt to enter an invalid OTP code.",
        "[STEP 2] \u2713 Success",
        "[STEP 3] Verify that the application rejects the OTP code.",
        "[STEP 3] \u2713 Success",
        "[STEP 4] Verify that the application prevents submission of the form.",
        "[STEP 4] \u2713 Success",
        "[STEP 5] Test that the application properly sessions out the user aft...",
        "[STEP 5] \u2713 Success",
        "[VALIDATION] All expected results verified",
        "[CLEANUP] Postconditions satisfied",
        "[END] Test PASSED"
      ]
    }
  ],
  "summary": {
    "total_tests": 6,
    "passed": 5,
    "failed": 1,
    "pass_rate_percentage": 83.33,
    "total_execution_time_seconds": 12.67,
    "average_execution_time_seconds": 2.11
  },
  "execution_end": "2025-09-12T20:51:20.251339"
}