{
  "execution_id": "EXEC_20250913_015828",
  "execution_start": "2025-09-13T01:58:28.113767",
  "test_source": "c:\\Users\\ansha\\Desktop\\TESTING\\testing_throughmcp\\src\\data\\output\\generated_tests_20250913_015752.json",
  "environment": "UAT_SIMULATION",
  "agent_info": {
    "agent_id": "ai-test-executor",
    "version": "1.0.0"
  },
  "execution_results": [
    {
      "test_id": "TC-UI-001",
      "test_name": "Valid user login with correct credentials",
      "module": "Login System",
      "priority": "high",
      "test_type": "functional",
      "status": "PASSED",
      "execution_time_seconds": 1.93,
      "executed_at": "2025-09-13T01:58:28.217533",
      "test_steps_executed": 0,
      "execution_logs": [
        "[START] Test execution started: TC-UI-001",
        "[INFO] Module: Login System",
        "[INFO] Priority: high",
        "[SETUP] Preconditions verified: None specified",
        "[VALIDATION] All expected results verified",
        "[CLEANUP] Postconditions satisfied",
        "[END] Test PASSED"
      ]
    },
    {
      "test_id": "TC-UI-002",
      "test_name": "Invalid login with wrong password",
      "module": "Login System",
      "priority": "high",
      "test_type": "functional",
      "status": "FAILED",
      "execution_time_seconds": 4.24,
      "executed_at": "2025-09-13T01:58:28.333454",
      "test_steps_executed": 0,
      "execution_logs": [
        "[START] Test execution started: TC-UI-002",
        "[INFO] Module: Login System",
        "[INFO] Priority: high",
        "[SETUP] Preconditions verified: None specified",
        "[VALIDATION] Expected result not achieved",
        "[ERROR] Test execution failed",
        "[END] Test FAILED"
      ],
      "failure_reason": "Assertion failed on expected result",
      "error_details": {
        "error_type": "AssertionError",
        "error_location": "Step 1",
        "expected_behavior": "System should behave correctly",
        "actual_behavior": "System did not behave as expected",
        "browser_console_errors": [
          "TypeError: Cannot read property 'value' of null",
          "403 Forbidden: Access denied"
        ],
        "network_status": "Connection stable",
        "retry_suggested": true
      },
      "screenshot_path": "screenshots/TC-UI-002_failure_20250913_015828.png"
    },
    {
      "test_id": "TC-UI-003",
      "test_name": "Invalid username and password",
      "module": "Login System",
      "priority": "medium",
      "test_type": "functional",
      "status": "PASSED",
      "execution_time_seconds": 0.75,
      "executed_at": "2025-09-13T01:58:28.449760",
      "test_steps_executed": 0,
      "execution_logs": [
        "[START] Test execution started: TC-UI-003",
        "[INFO] Module: Login System",
        "[INFO] Priority: medium",
        "[SETUP] Preconditions verified: None specified",
        "[VALIDATION] All expected results verified",
        "[CLEANUP] Postconditions satisfied",
        "[END] Test PASSED"
      ]
    },
    {
      "test_id": "TC-UI-004",
      "test_name": "Empty username field",
      "module": "Login System",
      "priority": "low",
      "test_type": "functional",
      "status": "PASSED",
      "execution_time_seconds": 2.87,
      "executed_at": "2025-09-13T01:58:28.565382",
      "test_steps_executed": 0,
      "execution_logs": [
        "[START] Test execution started: TC-UI-004",
        "[INFO] Module: Login System",
        "[INFO] Priority: low",
        "[SETUP] Preconditions verified: None specified",
        "[VALIDATION] All expected results verified",
        "[CLEANUP] Postconditions satisfied",
        "[END] Test PASSED"
      ]
    },
    {
      "test_id": "TC-UI-005",
      "test_name": "Invalid email format",
      "module": "Login System",
      "priority": "low",
      "test_type": "functional",
      "status": "FAILED",
      "execution_time_seconds": 2.3,
      "executed_at": "2025-09-13T01:58:28.667399",
      "test_steps_executed": 0,
      "execution_logs": [
        "[START] Test execution started: TC-UI-005",
        "[INFO] Module: Login System",
        "[INFO] Priority: low",
        "[SETUP] Preconditions verified: None specified",
        "[VALIDATION] Expected result not achieved",
        "[ERROR] Test execution failed",
        "[END] Test FAILED"
      ],
      "failure_reason": "Database state inconsistency",
      "error_details": {
        "error_type": "AssertionError",
        "error_location": "Step 1",
        "expected_behavior": "System should behave correctly",
        "actual_behavior": "System did not behave as expected",
        "browser_console_errors": [
          "TypeError: Cannot read property 'value' of null",
          "403 Forbidden: Access denied"
        ],
        "network_status": "Connection stable",
        "retry_suggested": true
      },
      "screenshot_path": "screenshots/TC-UI-005_failure_20250913_015828.png"
    },
    {
      "test_id": "TC-UI-006",
      "test_name": "Invalid email format and password",
      "module": "Login System",
      "priority": "medium",
      "test_type": "functional",
      "status": "PASSED",
      "execution_time_seconds": 1.47,
      "executed_at": "2025-09-13T01:58:28.783129",
      "test_steps_executed": 0,
      "execution_logs": [
        "[START] Test execution started: TC-UI-006",
        "[INFO] Module: Login System",
        "[INFO] Priority: medium",
        "[SETUP] Preconditions verified: None specified",
        "[VALIDATION] All expected results verified",
        "[CLEANUP] Postconditions satisfied",
        "[END] Test PASSED"
      ]
    },
    {
      "test_id": "TC-UI-007",
      "test_name": "Login with incomplete information",
      "module": "Login System",
      "priority": "medium",
      "test_type": "functional",
      "status": "PASSED",
      "execution_time_seconds": 2.0,
      "executed_at": "2025-09-13T01:58:28.899490",
      "test_steps_executed": 0,
      "execution_logs": [
        "[START] Test execution started: TC-UI-007",
        "[INFO] Module: Login System",
        "[INFO] Priority: medium",
        "[SETUP] Preconditions verified: None specified",
        "[VALIDATION] All expected results verified",
        "[CLEANUP] Postconditions satisfied",
        "[END] Test PASSED"
      ]
    },
    {
      "test_id": "TC-UI-008",
      "test_name": "Login with missing required field",
      "module": "Login System",
      "priority": "medium",
      "test_type": "functional",
      "status": "PASSED",
      "execution_time_seconds": 4.62,
      "executed_at": "2025-09-13T01:58:29.012488",
      "test_steps_executed": 0,
      "execution_logs": [
        "[START] Test execution started: TC-UI-008",
        "[INFO] Module: Login System",
        "[INFO] Priority: medium",
        "[SETUP] Preconditions verified: None specified",
        "[VALIDATION] All expected results verified",
        "[CLEANUP] Postconditions satisfied",
        "[END] Test PASSED"
      ]
    },
    {
      "test_id": "TC-UI-009",
      "test_name": "Successful login after providing all required fields",
      "module": "Login System",
      "priority": "high",
      "test_type": "functional",
      "status": "PASSED",
      "execution_time_seconds": 5.0,
      "executed_at": "2025-09-13T01:58:29.113380",
      "test_steps_executed": 0,
      "execution_logs": [
        "[START] Test execution started: TC-UI-009",
        "[INFO] Module: Login System",
        "[INFO] Priority: high",
        "[SETUP] Preconditions verified: None specified",
        "[VALIDATION] All expected results verified",
        "[CLEANUP] Postconditions satisfied",
        "[END] Test PASSED"
      ]
    },
    {
      "test_id": "TC-UI-010",
      "test_name": "Login with valid credentials - multiple attempts",
      "module": "Login System",
      "priority": "medium",
      "test_type": "functional",
      "status": "PASSED",
      "execution_time_seconds": 4.76,
      "executed_at": "2025-09-13T01:58:29.214329",
      "test_steps_executed": 0,
      "execution_logs": [
        "[START] Test execution started: TC-UI-010",
        "[INFO] Module: Login System",
        "[INFO] Priority: medium",
        "[SETUP] Preconditions verified: None specified",
        "[VALIDATION] All expected results verified",
        "[CLEANUP] Postconditions satisfied",
        "[END] Test PASSED"
      ]
    },
    {
      "test_id": "TC-API-001",
      "test_name": "POST login with valid credentials",
      "module": "Authentication API",
      "priority": "critical",
      "test_type": "functional",
      "status": "PASSED",
      "execution_time_seconds": 3.57,
      "executed_at": "2025-09-13T01:58:29.328784",
      "test_steps_executed": 0,
      "execution_logs": [
        "[START] Test execution started: TC-API-001",
        "[INFO] Module: Authentication API",
        "[INFO] Priority: critical",
        "[SETUP] Preconditions verified: None specified",
        "[VALIDATION] All expected results verified",
        "[CLEANUP] Postconditions satisfied",
        "[END] Test PASSED"
      ]
    },
    {
      "test_id": "TC-API-002",
      "test_name": "POST login with invalid credentials",
      "module": "Authentication API",
      "priority": "critical",
      "test_type": "functional",
      "status": "PASSED",
      "execution_time_seconds": 1.13,
      "executed_at": "2025-09-13T01:58:29.431819",
      "test_steps_executed": 0,
      "execution_logs": [
        "[START] Test execution started: TC-API-002",
        "[INFO] Module: Authentication API",
        "[INFO] Priority: critical",
        "[SETUP] Preconditions verified: None specified",
        "[VALIDATION] All expected results verified",
        "[CLEANUP] Postconditions satisfied",
        "[END] Test PASSED"
      ]
    },
    {
      "test_id": "TC-API-003",
      "test_name": "POST login with valid credentials - successful",
      "module": "Authentication API",
      "priority": "high",
      "test_type": "functional",
      "status": "PASSED",
      "execution_time_seconds": 1.63,
      "executed_at": "2025-09-13T01:58:29.545583",
      "test_steps_executed": 0,
      "execution_logs": [
        "[START] Test execution started: TC-API-003",
        "[INFO] Module: Authentication API",
        "[INFO] Priority: high",
        "[SETUP] Preconditions verified: None specified",
        "[VALIDATION] All expected results verified",
        "[CLEANUP] Postconditions satisfied",
        "[END] Test PASSED"
      ]
    },
    {
      "test_id": "TC-API-004",
      "test_name": "POST login with invalid credentials",
      "module": "Authentication API",
      "priority": "critical",
      "test_type": "functional",
      "status": "FAILED",
      "execution_time_seconds": 3.17,
      "executed_at": "2025-09-13T01:58:29.661785",
      "test_steps_executed": 0,
      "execution_logs": [
        "[START] Test execution started: TC-API-004",
        "[INFO] Module: Authentication API",
        "[INFO] Priority: critical",
        "[SETUP] Preconditions verified: None specified",
        "[VALIDATION] Expected result not achieved",
        "[ERROR] Test execution failed",
        "[END] Test FAILED"
      ],
      "failure_reason": "Unexpected system behavior",
      "error_details": {
        "error_type": "AssertionError",
        "error_location": "Step 1",
        "expected_behavior": "System should behave correctly",
        "actual_behavior": "System did not behave as expected",
        "browser_console_errors": [
          "TypeError: Cannot read property 'value' of null",
          "403 Forbidden: Access denied"
        ],
        "network_status": "Connection stable",
        "retry_suggested": true
      },
      "screenshot_path": "screenshots/TC-API-004_failure_20250913_015829.png"
    },
    {
      "test_id": "TC-API-005",
      "test_name": "Payment timeout handling - high load",
      "module": "Payment Processing",
      "priority": "medium",
      "test_type": "performance",
      "status": "PASSED",
      "execution_time_seconds": 0.76,
      "executed_at": "2025-09-13T01:58:29.762319",
      "test_steps_executed": 0,
      "execution_logs": [
        "[START] Test execution started: TC-API-005",
        "[INFO] Module: Payment Processing",
        "[INFO] Priority: medium",
        "[SETUP] Preconditions verified: None specified",
        "[VALIDATION] All expected results verified",
        "[CLEANUP] Postconditions satisfied",
        "[END] Test PASSED"
      ]
    },
    {
      "test_id": "TC-API-006",
      "test_name": "Payment timeout handling - normal load",
      "module": "Payment Processing",
      "priority": "high",
      "test_type": "performance",
      "status": "PASSED",
      "execution_time_seconds": 3.27,
      "executed_at": "2025-09-13T01:58:29.878344",
      "test_steps_executed": 0,
      "execution_logs": [
        "[START] Test execution started: TC-API-006",
        "[INFO] Module: Payment Processing",
        "[INFO] Priority: high",
        "[SETUP] Preconditions verified: None specified",
        "[VALIDATION] All expected results verified",
        "[CLEANUP] Postconditions satisfied",
        "[END] Test PASSED"
      ]
    },
    {
      "test_id": "TC-API-007",
      "test_name": "Payment timeout handling - low load",
      "module": "Payment Processing",
      "priority": "medium",
      "test_type": "performance",
      "status": "PASSED",
      "execution_time_seconds": 4.46,
      "executed_at": "2025-09-13T01:58:29.979680",
      "test_steps_executed": 0,
      "execution_logs": [
        "[START] Test execution started: TC-API-007",
        "[INFO] Module: Payment Processing",
        "[INFO] Priority: medium",
        "[SETUP] Preconditions verified: None specified",
        "[VALIDATION] All expected results verified",
        "[CLEANUP] Postconditions satisfied",
        "[END] Test PASSED"
      ]
    },
    {
      "test_id": "TC-API-008",
      "test_name": "Transaction timeout handling - high volume",
      "module": "Payment Processing",
      "priority": "critical",
      "test_type": "performance",
      "status": "PASSED",
      "execution_time_seconds": 5.14,
      "executed_at": "2025-09-13T01:58:30.104533",
      "test_steps_executed": 0,
      "execution_logs": [
        "[START] Test execution started: TC-API-008",
        "[INFO] Module: Payment Processing",
        "[INFO] Priority: critical",
        "[SETUP] Preconditions verified: None specified",
        "[VALIDATION] All expected results verified",
        "[CLEANUP] Postconditions satisfied",
        "[END] Test PASSED"
      ]
    },
    {
      "test_id": "TC-API-009",
      "test_name": "Transaction timeout handling - normal volume",
      "module": "Payment Processing",
      "priority": "high",
      "test_type": "performance",
      "status": "FAILED",
      "execution_time_seconds": 3.48,
      "executed_at": "2025-09-13T01:58:30.211195",
      "test_steps_executed": 0,
      "execution_logs": [
        "[START] Test execution started: TC-API-009",
        "[INFO] Module: Payment Processing",
        "[INFO] Priority: high",
        "[SETUP] Preconditions verified: None specified",
        "[VALIDATION] Expected result not achieved",
        "[ERROR] Test execution failed",
        "[END] Test FAILED"
      ],
      "failure_reason": "Payment gateway connection timeout",
      "error_details": {
        "error_type": "AssertionError",
        "error_location": "Step 1",
        "expected_behavior": "System should behave correctly",
        "actual_behavior": "System did not behave as expected",
        "browser_console_errors": [
          "TypeError: Cannot read property 'value' of null",
          "403 Forbidden: Access denied"
        ],
        "network_status": "Connection stable",
        "retry_suggested": true
      },
      "screenshot_path": "screenshots/TC-API-009_failure_20250913_015830.png"
    },
    {
      "test_id": "TC-API-010",
      "test_name": "Boundary values for 'Amount to Pay'",
      "module": "Data Tests",
      "priority": "medium",
      "test_type": "functional",
      "status": "PASSED",
      "execution_time_seconds": 1.75,
      "executed_at": "2025-09-13T01:58:30.322753",
      "test_steps_executed": 0,
      "execution_logs": [
        "[START] Test execution started: TC-API-010",
        "[INFO] Module: Data Tests",
        "[INFO] Priority: medium",
        "[SETUP] Preconditions verified: None specified",
        "[VALIDATION] All expected results verified",
        "[CLEANUP] Postconditions satisfied",
        "[END] Test PASSED"
      ]
    },
    {
      "test_id": "TC-API-011",
      "test_name": "Amount to Pay: 0",
      "module": "Data Tests",
      "priority": "low",
      "test_type": "functional",
      "status": "PASSED",
      "execution_time_seconds": 2.34,
      "executed_at": "2025-09-13T01:58:30.428854",
      "test_steps_executed": 0,
      "execution_logs": [
        "[START] Test execution started: TC-API-011",
        "[INFO] Module: Data Tests",
        "[INFO] Priority: low",
        "[SETUP] Preconditions verified: None specified",
        "[VALIDATION] All expected results verified",
        "[CLEANUP] Postconditions satisfied",
        "[END] Test PASSED"
      ]
    },
    {
      "test_id": "TC-API-012",
      "test_name": "Unnamed Test",
      "module": "Amount to Pay: 100",
      "priority": "low",
      "test_type": "functional",
      "status": "FAILED",
      "execution_time_seconds": 3.57,
      "executed_at": "2025-09-13T01:58:30.541735",
      "test_steps_executed": 0,
      "execution_logs": [
        "[START] Test execution started: TC-API-012",
        "[INFO] Module: Amount to Pay: 100",
        "[INFO] Priority: low",
        "[SETUP] Preconditions verified: None specified",
        "[VALIDATION] Expected result not achieved",
        "[ERROR] Test execution failed",
        "[END] Test FAILED"
      ],
      "failure_reason": "Unexpected system behavior",
      "error_details": {
        "error_type": "AssertionError",
        "error_location": "Step 1",
        "expected_behavior": "System should behave correctly",
        "actual_behavior": "System did not behave as expected",
        "browser_console_errors": [
          "TypeError: Cannot read property 'value' of null",
          "403 Forbidden: Access denied"
        ],
        "network_status": "Connection stable",
        "retry_suggested": true
      },
      "screenshot_path": "screenshots/TC-API-012_failure_20250913_015830.png"
    },
    {
      "test_id": "TC-API-013",
      "test_name": "Unnamed Test",
      "module": "Amount to Pay: 1000",
      "priority": "low",
      "test_type": "functional",
      "status": "PASSED",
      "execution_time_seconds": 2.27,
      "executed_at": "2025-09-13T01:58:30.656950",
      "test_steps_executed": 0,
      "execution_logs": [
        "[START] Test execution started: TC-API-013",
        "[INFO] Module: Amount to Pay: 1000",
        "[INFO] Priority: low",
        "[SETUP] Preconditions verified: None specified",
        "[VALIDATION] All expected results verified",
        "[CLEANUP] Postconditions satisfied",
        "[END] Test PASSED"
      ]
    },
    {
      "test_id": "TC-API-014",
      "test_name": "Amount to Pay: 0",
      "module": "Data Tests",
      "priority": "medium",
      "test_type": "functional",
      "status": "PASSED",
      "execution_time_seconds": 1.76,
      "executed_at": "2025-09-13T01:58:30.758928",
      "test_steps_executed": 0,
      "execution_logs": [
        "[START] Test execution started: TC-API-014",
        "[INFO] Module: Data Tests",
        "[INFO] Priority: medium",
        "[SETUP] Preconditions verified: None specified",
        "[VALIDATION] All expected results verified",
        "[CLEANUP] Postconditions satisfied",
        "[END] Test PASSED"
      ]
    },
    {
      "test_id": "TC-API-015",
      "test_name": "Amount to Pay: 100",
      "module": "Data Tests",
      "priority": "medium",
      "test_type": "functional",
      "status": "PASSED",
      "execution_time_seconds": 2.06,
      "executed_at": "2025-09-13T01:58:30.859583",
      "test_steps_executed": 0,
      "execution_logs": [
        "[START] Test execution started: TC-API-015",
        "[INFO] Module: Data Tests",
        "[INFO] Priority: medium",
        "[SETUP] Preconditions verified: None specified",
        "[VALIDATION] All expected results verified",
        "[CLEANUP] Postconditions satisfied",
        "[END] Test PASSED"
      ]
    },
    {
      "test_id": "TC-API-016",
      "test_name": "Amount to Pay: 1000",
      "module": "Data Tests",
      "priority": "medium",
      "test_type": "functional",
      "status": "FAILED",
      "execution_time_seconds": 0.51,
      "executed_at": "2025-09-13T01:58:30.974321",
      "test_steps_executed": 0,
      "execution_logs": [
        "[START] Test execution started: TC-API-016",
        "[INFO] Module: Data Tests",
        "[INFO] Priority: medium",
        "[SETUP] Preconditions verified: None specified",
        "[VALIDATION] Expected result not achieved",
        "[ERROR] Test execution failed",
        "[END] Test FAILED"
      ],
      "failure_reason": "Database state inconsistency",
      "error_details": {
        "error_type": "AssertionError",
        "error_location": "Step 1",
        "expected_behavior": "System should behave correctly",
        "actual_behavior": "System did not behave as expected",
        "browser_console_errors": [
          "TypeError: Cannot read property 'value' of null",
          "403 Forbidden: Access denied"
        ],
        "network_status": "Connection stable",
        "retry_suggested": true
      },
      "screenshot_path": "screenshots/TC-API-016_failure_20250913_015830.png"
    },
    {
      "test_id": "TC-API-017",
      "test_name": "Amount to Pay: 10000",
      "module": "Data Tests",
      "priority": "medium",
      "test_type": "functional",
      "status": "PASSED",
      "execution_time_seconds": 3.16,
      "executed_at": "2025-09-13T01:58:31.076370",
      "test_steps_executed": 0,
      "execution_logs": [
        "[START] Test execution started: TC-API-017",
        "[INFO] Module: Data Tests",
        "[INFO] Priority: medium",
        "[SETUP] Preconditions verified: None specified",
        "[VALIDATION] All expected results verified",
        "[CLEANUP] Postconditions satisfied",
        "[END] Test PASSED"
      ]
    }
  ],
  "summary": {
    "total_tests": 27,
    "passed": 21,
    "failed": 6,
    "pass_rate_percentage": 77.78,
    "total_execution_time_seconds": 73.97,
    "average_execution_time_seconds": 2.74
  },
  "execution_end": "2025-09-13T01:58:31.076585"
}