{
  "execution_id": "EXEC_20250913_003355",
  "execution_start": "2025-09-13T00:33:55.035442",
  "test_source": "c:\\Users\\ansha\\Desktop\\TESTING\\testing_throughmcp\\src\\data\\output\\generated_tests_20250913_003223.json",
  "environment": "UAT_SIMULATION",
  "agent_info": {
    "agent_id": "ai-test-executor",
    "version": "1.0.0"
  },
  "execution_results": [
    {
      "test_id": "TC-UI-001",
      "test_name": "Valid user login with correct credentials",
      "module": "Login System",
      "priority": "high",
      "test_type": "functional",
      "status": "PASSED",
      "execution_time_seconds": 1.72,
      "executed_at": "2025-09-13T00:33:55.142854",
      "test_steps_executed": 0,
      "execution_logs": [
        "[START] Test execution started: TC-UI-001",
        "[INFO] Module: Login System",
        "[INFO] Priority: high",
        "[SETUP] Preconditions verified: None specified",
        "[VALIDATION] All expected results verified",
        "[CLEANUP] Postconditions satisfied",
        "[END] Test PASSED"
      ]
    },
    {
      "test_id": "TC-UI-002",
      "test_name": "Invalid login with wrong password",
      "module": "Login System",
      "priority": "high",
      "test_type": "functional",
      "status": "PASSED",
      "execution_time_seconds": 2.26,
      "executed_at": "2025-09-13T00:33:55.257539",
      "test_steps_executed": 0,
      "execution_logs": [
        "[START] Test execution started: TC-UI-002",
        "[INFO] Module: Login System",
        "[INFO] Priority: high",
        "[SETUP] Preconditions verified: None specified",
        "[VALIDATION] All expected results verified",
        "[CLEANUP] Postconditions satisfied",
        "[END] Test PASSED"
      ]
    },
    {
      "test_id": "TC-UI-003",
      "test_name": "Invalid username and password",
      "module": "Login System",
      "priority": "medium",
      "test_type": "functional",
      "status": "FAILED",
      "execution_time_seconds": 4.29,
      "executed_at": "2025-09-13T00:33:55.373781",
      "test_steps_executed": 0,
      "execution_logs": [
        "[START] Test execution started: TC-UI-003",
        "[INFO] Module: Login System",
        "[INFO] Priority: medium",
        "[SETUP] Preconditions verified: None specified",
        "[VALIDATION] Expected result not achieved",
        "[ERROR] Test execution failed",
        "[END] Test FAILED"
      ],
      "failure_reason": "Assertion failed on expected result",
      "error_details": {
        "error_type": "AssertionError",
        "error_location": "Step 1",
        "expected_behavior": "System should behave correctly",
        "actual_behavior": "System did not behave as expected",
        "browser_console_errors": [
          "TypeError: Cannot read property 'value' of null",
          "403 Forbidden: Access denied"
        ],
        "network_status": "Connection stable",
        "retry_suggested": true
      },
      "screenshot_path": "screenshots/TC-UI-003_failure_20250913_003355.png"
    },
    {
      "test_id": "TC-UI-004",
      "test_name": "Empty username field",
      "module": "Login System",
      "priority": "low",
      "test_type": "functional",
      "status": "PASSED",
      "execution_time_seconds": 1.34,
      "executed_at": "2025-09-13T00:33:55.475053",
      "test_steps_executed": 0,
      "execution_logs": [
        "[START] Test execution started: TC-UI-004",
        "[INFO] Module: Login System",
        "[INFO] Priority: low",
        "[SETUP] Preconditions verified: None specified",
        "[VALIDATION] All expected results verified",
        "[CLEANUP] Postconditions satisfied",
        "[END] Test PASSED"
      ]
    },
    {
      "test_id": "TC-UI-005",
      "test_name": "Password field empty",
      "module": "Login System",
      "priority": "low",
      "test_type": "functional",
      "status": "PASSED",
      "execution_time_seconds": 2.83,
      "executed_at": "2025-09-13T00:33:55.591399",
      "test_steps_executed": 0,
      "execution_logs": [
        "[START] Test execution started: TC-UI-005",
        "[INFO] Module: Login System",
        "[INFO] Priority: low",
        "[SETUP] Preconditions verified: None specified",
        "[VALIDATION] All expected results verified",
        "[CLEANUP] Postconditions satisfied",
        "[END] Test PASSED"
      ]
    },
    {
      "test_id": "TC-UI-006",
      "test_name": "Invalid password character",
      "module": "Login System",
      "priority": "low",
      "test_type": "functional",
      "status": "PASSED",
      "execution_time_seconds": 3.66,
      "executed_at": "2025-09-13T00:33:55.706806",
      "test_steps_executed": 0,
      "execution_logs": [
        "[START] Test execution started: TC-UI-006",
        "[INFO] Module: Login System",
        "[INFO] Priority: low",
        "[SETUP] Preconditions verified: None specified",
        "[VALIDATION] All expected results verified",
        "[CLEANUP] Postconditions satisfied",
        "[END] Test PASSED"
      ]
    },
    {
      "test_id": "TC-UI-007",
      "test_name": "Submit invalid password",
      "module": "Login System",
      "priority": "medium",
      "test_type": "functional",
      "status": "PASSED",
      "execution_time_seconds": 0.52,
      "executed_at": "2025-09-13T00:33:55.823076",
      "test_steps_executed": 0,
      "execution_logs": [
        "[START] Test execution started: TC-UI-007",
        "[INFO] Module: Login System",
        "[INFO] Priority: medium",
        "[SETUP] Preconditions verified: None specified",
        "[VALIDATION] All expected results verified",
        "[CLEANUP] Postconditions satisfied",
        "[END] Test PASSED"
      ]
    },
    {
      "test_id": "TC-UI-008",
      "test_name": "Successful login with valid credentials",
      "module": "Login System",
      "priority": "high",
      "test_type": "functional",
      "status": "FAILED",
      "execution_time_seconds": 3.62,
      "executed_at": "2025-09-13T00:33:55.938566",
      "test_steps_executed": 0,
      "execution_logs": [
        "[START] Test execution started: TC-UI-008",
        "[INFO] Module: Login System",
        "[INFO] Priority: high",
        "[SETUP] Preconditions verified: None specified",
        "[VALIDATION] Expected result not achieved",
        "[ERROR] Test execution failed",
        "[END] Test FAILED"
      ],
      "failure_reason": "Database state inconsistency",
      "error_details": {
        "error_type": "AssertionError",
        "error_location": "Step 1",
        "expected_behavior": "System should behave correctly",
        "actual_behavior": "System did not behave as expected",
        "browser_console_errors": [
          "TypeError: Cannot read property 'value' of null",
          "403 Forbidden: Access denied"
        ],
        "network_status": "Connection stable",
        "retry_suggested": true
      },
      "screenshot_path": "screenshots/TC-UI-008_failure_20250913_003355.png"
    },
    {
      "test_id": "TC-UI-009",
      "test_name": "Successful login with different username and password",
      "module": "Login System",
      "priority": "medium",
      "test_type": "functional",
      "status": "PASSED",
      "execution_time_seconds": 3.89,
      "executed_at": "2025-09-13T00:33:56.039798",
      "test_steps_executed": 0,
      "execution_logs": [
        "[START] Test execution started: TC-UI-009",
        "[INFO] Module: Login System",
        "[INFO] Priority: medium",
        "[SETUP] Preconditions verified: None specified",
        "[VALIDATION] All expected results verified",
        "[CLEANUP] Postconditions satisfied",
        "[END] Test PASSED"
      ]
    },
    {
      "test_id": "TC-UI-010",
      "test_name": "Successful login with valid credentials and different username",
      "module": "Login System",
      "priority": "high",
      "test_type": "functional",
      "status": "PASSED",
      "execution_time_seconds": 3.25,
      "executed_at": "2025-09-13T00:33:56.154920",
      "test_steps_executed": 0,
      "execution_logs": [
        "[START] Test execution started: TC-UI-010",
        "[INFO] Module: Login System",
        "[INFO] Priority: high",
        "[SETUP] Preconditions verified: None specified",
        "[VALIDATION] All expected results verified",
        "[CLEANUP] Postconditions satisfied",
        "[END] Test PASSED"
      ]
    },
    {
      "test_id": "TC-API-001",
      "test_name": "POST login with valid credentials",
      "module": "Authentication API",
      "priority": "critical",
      "test_type": "functional",
      "status": "PASSED",
      "execution_time_seconds": 2.11,
      "executed_at": "2025-09-13T00:33:56.271372",
      "test_steps_executed": 0,
      "execution_logs": [
        "[START] Test execution started: TC-API-001",
        "[INFO] Module: Authentication API",
        "[INFO] Priority: critical",
        "[SETUP] Preconditions verified: None specified",
        "[VALIDATION] All expected results verified",
        "[CLEANUP] Postconditions satisfied",
        "[END] Test PASSED"
      ]
    },
    {
      "test_id": "TC-API-002",
      "test_name": "POST login with invalid credentials",
      "module": "Authentication API",
      "priority": "high",
      "test_type": "functional",
      "status": "PASSED",
      "execution_time_seconds": 2.77,
      "executed_at": "2025-09-13T00:33:56.372402",
      "test_steps_executed": 0,
      "execution_logs": [
        "[START] Test execution started: TC-API-002",
        "[INFO] Module: Authentication API",
        "[INFO] Priority: high",
        "[SETUP] Preconditions verified: None specified",
        "[VALIDATION] All expected results verified",
        "[CLEANUP] Postconditions satisfied",
        "[END] Test PASSED"
      ]
    },
    {
      "test_id": "TC-API-003",
      "test_name": "POST login with incorrect username",
      "module": "Authentication API",
      "priority": "medium",
      "test_type": "functional",
      "status": "FAILED",
      "execution_time_seconds": 3.86,
      "executed_at": "2025-09-13T00:33:56.487180",
      "test_steps_executed": 0,
      "execution_logs": [
        "[START] Test execution started: TC-API-003",
        "[INFO] Module: Authentication API",
        "[INFO] Priority: medium",
        "[SETUP] Preconditions verified: None specified",
        "[VALIDATION] Expected result not achieved",
        "[ERROR] Test execution failed",
        "[END] Test FAILED"
      ],
      "failure_reason": "Assertion failed on expected result",
      "error_details": {
        "error_type": "AssertionError",
        "error_location": "Step 1",
        "expected_behavior": "System should behave correctly",
        "actual_behavior": "System did not behave as expected",
        "browser_console_errors": [
          "TypeError: Cannot read property 'value' of null",
          "403 Forbidden: Access denied"
        ],
        "network_status": "Connection stable",
        "retry_suggested": true
      },
      "screenshot_path": "screenshots/TC-API-003_failure_20250913_003356.png"
    },
    {
      "test_id": "TC-API-004",
      "test_name": "POST login with incorrect password",
      "module": "Authentication API",
      "priority": "high",
      "test_type": "functional",
      "status": "PASSED",
      "execution_time_seconds": 4.94,
      "executed_at": "2025-09-13T00:33:56.603521",
      "test_steps_executed": 0,
      "execution_logs": [
        "[START] Test execution started: TC-API-004",
        "[INFO] Module: Authentication API",
        "[INFO] Priority: high",
        "[SETUP] Preconditions verified: None specified",
        "[VALIDATION] All expected results verified",
        "[CLEANUP] Postconditions satisfied",
        "[END] Test PASSED"
      ]
    },
    {
      "test_id": "TC-API-005",
      "test_name": "POST login with empty username",
      "module": "Authentication API",
      "priority": "low",
      "test_type": "functional",
      "status": "PASSED",
      "execution_time_seconds": 0.76,
      "executed_at": "2025-09-13T00:33:56.718185",
      "test_steps_executed": 0,
      "execution_logs": [
        "[START] Test execution started: TC-API-005",
        "[INFO] Module: Authentication API",
        "[INFO] Priority: low",
        "[SETUP] Preconditions verified: None specified",
        "[VALIDATION] All expected results verified",
        "[CLEANUP] Postconditions satisfied",
        "[END] Test PASSED"
      ]
    },
    {
      "test_id": "TC-API-006",
      "test_name": "POST login with invalid password character",
      "module": "Authentication API",
      "priority": "medium",
      "test_type": "functional",
      "status": "PASSED",
      "execution_time_seconds": 3.78,
      "executed_at": "2025-09-13T00:33:56.821801",
      "test_steps_executed": 0,
      "execution_logs": [
        "[START] Test execution started: TC-API-006",
        "[INFO] Module: Authentication API",
        "[INFO] Priority: medium",
        "[SETUP] Preconditions verified: None specified",
        "[VALIDATION] All expected results verified",
        "[CLEANUP] Postconditions satisfied",
        "[END] Test PASSED"
      ]
    },
    {
      "test_id": "TC-API-007",
      "test_name": "POST login with invalid credentials",
      "module": "Authentication API",
      "priority": "high",
      "test_type": "functional",
      "status": "PASSED",
      "execution_time_seconds": 5.45,
      "executed_at": "2025-09-13T00:33:56.936180",
      "test_steps_executed": 0,
      "execution_logs": [
        "[START] Test execution started: TC-API-007",
        "[INFO] Module: Authentication API",
        "[INFO] Priority: high",
        "[SETUP] Preconditions verified: None specified",
        "[VALIDATION] All expected results verified",
        "[CLEANUP] Postconditions satisfied",
        "[END] Test PASSED"
      ]
    },
    {
      "test_id": "TC-API-008",
      "test_name": "POST login with valid credentials and different username",
      "module": "Authentication API",
      "priority": "high",
      "test_type": "functional",
      "status": "PASSED",
      "execution_time_seconds": 3.8,
      "executed_at": "2025-09-13T00:33:57.036892",
      "test_steps_executed": 0,
      "execution_logs": [
        "[START] Test execution started: TC-API-008",
        "[INFO] Module: Authentication API",
        "[INFO] Priority: high",
        "[SETUP] Preconditions verified: None specified",
        "[VALIDATION] All expected results verified",
        "[CLEANUP] Postconditions satisfied",
        "[END] Test PASSED"
      ]
    },
    {
      "test_id": "TC-PERF-001",
      "test_name": "Load test with 50 concurrent users",
      "module": "Load Test",
      "priority": "medium",
      "test_type": "performance",
      "status": "PASSED",
      "execution_time_seconds": 0.58,
      "executed_at": "2025-09-13T00:33:57.151593",
      "test_steps_executed": 0,
      "execution_logs": [
        "[START] Test execution started: TC-PERF-001",
        "[INFO] Module: Load Test",
        "[INFO] Priority: medium",
        "[SETUP] Preconditions verified: None specified",
        "[VALIDATION] All expected results verified",
        "[CLEANUP] Postconditions satisfied",
        "[END] Test PASSED"
      ]
    },
    {
      "test_id": "TC-PERF-002",
      "test_name": "Load test with 100 concurrent users",
      "module": "Load Test",
      "priority": "medium",
      "test_type": "performance",
      "status": "PASSED",
      "execution_time_seconds": 2.07,
      "executed_at": "2025-09-13T00:33:57.267983",
      "test_steps_executed": 0,
      "execution_logs": [
        "[START] Test execution started: TC-PERF-002",
        "[INFO] Module: Load Test",
        "[INFO] Priority: medium",
        "[SETUP] Preconditions verified: None specified",
        "[VALIDATION] All expected results verified",
        "[CLEANUP] Postconditions satisfied",
        "[END] Test PASSED"
      ]
    },
    {
      "test_id": "TC-PERF-003",
      "test_name": "Load test with 200 concurrent users",
      "module": "Load Test",
      "priority": "low",
      "test_type": "performance",
      "status": "PASSED",
      "execution_time_seconds": 1.41,
      "executed_at": "2025-09-13T00:33:57.368946",
      "test_steps_executed": 0,
      "execution_logs": [
        "[START] Test execution started: TC-PERF-003",
        "[INFO] Module: Load Test",
        "[INFO] Priority: low",
        "[SETUP] Preconditions verified: None specified",
        "[VALIDATION] All expected results verified",
        "[CLEANUP] Postconditions satisfied",
        "[END] Test PASSED"
      ]
    },
    {
      "test_id": "TC-PERF-004",
      "test_name": "Stress test with 300 concurrent users",
      "module": "Load Test",
      "priority": "low",
      "test_type": "performance",
      "status": "FAILED",
      "execution_time_seconds": 3.33,
      "executed_at": "2025-09-13T00:33:57.483916",
      "test_steps_executed": 0,
      "execution_logs": [
        "[START] Test execution started: TC-PERF-004",
        "[INFO] Module: Load Test",
        "[INFO] Priority: low",
        "[SETUP] Preconditions verified: None specified",
        "[VALIDATION] Expected result not achieved",
        "[ERROR] Test execution failed",
        "[END] Test FAILED"
      ],
      "failure_reason": "Element not found on page",
      "error_details": {
        "error_type": "AssertionError",
        "error_location": "Step 1",
        "expected_behavior": "System should behave correctly",
        "actual_behavior": "System did not behave as expected",
        "browser_console_errors": [
          "TypeError: Cannot read property 'value' of null",
          "403 Forbidden: Access denied"
        ],
        "network_status": "Connection stable",
        "retry_suggested": true
      },
      "screenshot_path": "screenshots/TC-PERF-004_failure_20250913_003357.png"
    },
    {
      "test_id": "TC-PERF-005",
      "test_name": "Stress test with 500 concurrent users",
      "module": "Load Test",
      "priority": "medium",
      "test_type": "performance",
      "status": "PASSED",
      "execution_time_seconds": 0.59,
      "executed_at": "2025-09-13T00:33:57.600211",
      "test_steps_executed": 0,
      "execution_logs": [
        "[START] Test execution started: TC-PERF-005",
        "[INFO] Module: Load Test",
        "[INFO] Priority: medium",
        "[SETUP] Preconditions verified: None specified",
        "[VALIDATION] All expected results verified",
        "[CLEANUP] Postconditions satisfied",
        "[END] Test PASSED"
      ]
    },
    {
      "test_id": "TC-PERF-006",
      "test_name": "Stress test with 1000 concurrent users",
      "module": "Load Test",
      "priority": "medium",
      "test_type": "performance",
      "status": "FAILED",
      "execution_time_seconds": 0.52,
      "executed_at": "2025-09-13T00:33:57.715809",
      "test_steps_executed": 0,
      "execution_logs": [
        "[START] Test execution started: TC-PERF-006",
        "[INFO] Module: Load Test",
        "[INFO] Priority: medium",
        "[SETUP] Preconditions verified: None specified",
        "[VALIDATION] Expected result not achieved",
        "[ERROR] Test execution failed",
        "[END] Test FAILED"
      ],
      "failure_reason": "Unexpected system behavior",
      "error_details": {
        "error_type": "AssertionError",
        "error_location": "Step 1",
        "expected_behavior": "System should behave correctly",
        "actual_behavior": "System did not behave as expected",
        "browser_console_errors": [
          "TypeError: Cannot read property 'value' of null",
          "403 Forbidden: Access denied"
        ],
        "network_status": "Connection stable",
        "retry_suggested": true
      },
      "screenshot_path": "screenshots/TC-PERF-006_failure_20250913_003357.png"
    },
    {
      "test_id": "TC-PERF-007",
      "test_name": "Stress test with 2000 concurrent users",
      "module": "Load Test",
      "priority": "medium",
      "test_type": "performance",
      "status": "PASSED",
      "execution_time_seconds": 4.44,
      "executed_at": "2025-09-13T00:33:57.817219",
      "test_steps_executed": 0,
      "execution_logs": [
        "[START] Test execution started: TC-PERF-007",
        "[INFO] Module: Load Test",
        "[INFO] Priority: medium",
        "[SETUP] Preconditions verified: None specified",
        "[VALIDATION] All expected results verified",
        "[CLEANUP] Postconditions satisfied",
        "[END] Test PASSED"
      ]
    },
    {
      "test_id": "TC-PERF-008",
      "test_name": "Stress test with 5000 concurrent users",
      "module": "Load Test",
      "priority": "high",
      "test_type": "performance",
      "status": "FAILED",
      "execution_time_seconds": 2.22,
      "executed_at": "2025-09-13T00:33:57.932980",
      "test_steps_executed": 0,
      "execution_logs": [
        "[START] Test execution started: TC-PERF-008",
        "[INFO] Module: Load Test",
        "[INFO] Priority: high",
        "[SETUP] Preconditions verified: None specified",
        "[VALIDATION] Expected result not achieved",
        "[ERROR] Test execution failed",
        "[END] Test FAILED"
      ],
      "failure_reason": "Database state inconsistency",
      "error_details": {
        "error_type": "AssertionError",
        "error_location": "Step 1",
        "expected_behavior": "System should behave correctly",
        "actual_behavior": "System did not behave as expected",
        "browser_console_errors": [
          "TypeError: Cannot read property 'value' of null",
          "403 Forbidden: Access denied"
        ],
        "network_status": "Connection stable",
        "retry_suggested": true
      },
      "screenshot_path": "screenshots/TC-PERF-008_failure_20250913_003357.png"
    },
    {
      "test_id": "TC-UI-001",
      "test_name": "Valid user login with correct credentials",
      "module": "Login System",
      "priority": "high",
      "test_type": "functional",
      "status": "PASSED",
      "execution_time_seconds": 3.91,
      "executed_at": "2025-09-13T00:33:58.048566",
      "test_steps_executed": 0,
      "execution_logs": [
        "[START] Test execution started: TC-UI-001",
        "[INFO] Module: Login System",
        "[INFO] Priority: high",
        "[SETUP] Preconditions verified: None specified",
        "[VALIDATION] All expected results verified",
        "[CLEANUP] Postconditions satisfied",
        "[END] Test PASSED"
      ]
    },
    {
      "test_id": "TC-UI-002",
      "test_name": "Invalid login with wrong password",
      "module": "Login System",
      "priority": "high",
      "test_type": "functional",
      "status": "PASSED",
      "execution_time_seconds": 1.23,
      "executed_at": "2025-09-13T00:33:58.165056",
      "test_steps_executed": 0,
      "execution_logs": [
        "[START] Test execution started: TC-UI-002",
        "[INFO] Module: Login System",
        "[INFO] Priority: high",
        "[SETUP] Preconditions verified: None specified",
        "[VALIDATION] All expected results verified",
        "[CLEANUP] Postconditions satisfied",
        "[END] Test PASSED"
      ]
    },
    {
      "test_id": "TC-UI-003",
      "test_name": "Invalid username and password",
      "module": "Login System",
      "priority": "medium",
      "test_type": "functional",
      "status": "PASSED",
      "execution_time_seconds": 4.92,
      "executed_at": "2025-09-13T00:33:58.280835",
      "test_steps_executed": 0,
      "execution_logs": [
        "[START] Test execution started: TC-UI-003",
        "[INFO] Module: Login System",
        "[INFO] Priority: medium",
        "[SETUP] Preconditions verified: None specified",
        "[VALIDATION] All expected results verified",
        "[CLEANUP] Postconditions satisfied",
        "[END] Test PASSED"
      ]
    },
    {
      "test_id": "TC-UI-004",
      "test_name": "Empty username field",
      "module": "Login System",
      "priority": "low",
      "test_type": "functional",
      "status": "PASSED",
      "execution_time_seconds": 2.29,
      "executed_at": "2025-09-13T00:33:58.381969",
      "test_steps_executed": 0,
      "execution_logs": [
        "[START] Test execution started: TC-UI-004",
        "[INFO] Module: Login System",
        "[INFO] Priority: low",
        "[SETUP] Preconditions verified: None specified",
        "[VALIDATION] All expected results verified",
        "[CLEANUP] Postconditions satisfied",
        "[END] Test PASSED"
      ]
    },
    {
      "test_id": "TC-UI-005",
      "test_name": "Password field empty",
      "module": "Login System",
      "priority": "low",
      "test_type": "functional",
      "status": "PASSED",
      "execution_time_seconds": 2.25,
      "executed_at": "2025-09-13T00:33:58.497132",
      "test_steps_executed": 0,
      "execution_logs": [
        "[START] Test execution started: TC-UI-005",
        "[INFO] Module: Login System",
        "[INFO] Priority: low",
        "[SETUP] Preconditions verified: None specified",
        "[VALIDATION] All expected results verified",
        "[CLEANUP] Postconditions satisfied",
        "[END] Test PASSED"
      ]
    },
    {
      "test_id": "TC-UI-006",
      "test_name": "Invalid password character",
      "module": "Login System",
      "priority": "low",
      "test_type": "functional",
      "status": "PASSED",
      "execution_time_seconds": 3.79,
      "executed_at": "2025-09-13T00:33:58.613375",
      "test_steps_executed": 0,
      "execution_logs": [
        "[START] Test execution started: TC-UI-006",
        "[INFO] Module: Login System",
        "[INFO] Priority: low",
        "[SETUP] Preconditions verified: None specified",
        "[VALIDATION] All expected results verified",
        "[CLEANUP] Postconditions satisfied",
        "[END] Test PASSED"
      ]
    },
    {
      "test_id": "TC-UI-007",
      "test_name": "Submit invalid password",
      "module": "Login System",
      "priority": "medium",
      "test_type": "functional",
      "status": "FAILED",
      "execution_time_seconds": 1.68,
      "executed_at": "2025-09-13T00:33:58.728493",
      "test_steps_executed": 0,
      "execution_logs": [
        "[START] Test execution started: TC-UI-007",
        "[INFO] Module: Login System",
        "[INFO] Priority: medium",
        "[SETUP] Preconditions verified: None specified",
        "[VALIDATION] Expected result not achieved",
        "[ERROR] Test execution failed",
        "[END] Test FAILED"
      ],
      "failure_reason": "Database state inconsistency",
      "error_details": {
        "error_type": "AssertionError",
        "error_location": "Step 1",
        "expected_behavior": "System should behave correctly",
        "actual_behavior": "System did not behave as expected",
        "browser_console_errors": [
          "TypeError: Cannot read property 'value' of null",
          "403 Forbidden: Access denied"
        ],
        "network_status": "Connection stable",
        "retry_suggested": true
      },
      "screenshot_path": "screenshots/TC-UI-007_failure_20250913_003358.png"
    },
    {
      "test_id": "TC-UI-008",
      "test_name": "Successful login with valid credentials",
      "module": "Login System",
      "priority": "high",
      "test_type": "functional",
      "status": "PASSED",
      "execution_time_seconds": 1.59,
      "executed_at": "2025-09-13T00:33:58.830507",
      "test_steps_executed": 0,
      "execution_logs": [
        "[START] Test execution started: TC-UI-008",
        "[INFO] Module: Login System",
        "[INFO] Priority: high",
        "[SETUP] Preconditions verified: None specified",
        "[VALIDATION] All expected results verified",
        "[CLEANUP] Postconditions satisfied",
        "[END] Test PASSED"
      ]
    },
    {
      "test_id": "TC-UI-009",
      "test_name": "Successful login with different username and password",
      "module": "Login System",
      "priority": "medium",
      "test_type": "functional",
      "status": "PASSED",
      "execution_time_seconds": 4.19,
      "executed_at": "2025-09-13T00:33:58.944918",
      "test_steps_executed": 0,
      "execution_logs": [
        "[START] Test execution started: TC-UI-009",
        "[INFO] Module: Login System",
        "[INFO] Priority: medium",
        "[SETUP] Preconditions verified: None specified",
        "[VALIDATION] All expected results verified",
        "[CLEANUP] Postconditions satisfied",
        "[END] Test PASSED"
      ]
    },
    {
      "test_id": "TC-API-001",
      "test_name": "POST login with valid credentials",
      "module": "Authentication API",
      "priority": "critical",
      "test_type": "functional",
      "status": "FAILED",
      "execution_time_seconds": 2.39,
      "executed_at": "2025-09-13T00:33:59.045464",
      "test_steps_executed": 0,
      "execution_logs": [
        "[START] Test execution started: TC-API-001",
        "[INFO] Module: Authentication API",
        "[INFO] Priority: critical",
        "[SETUP] Preconditions verified: None specified",
        "[VALIDATION] Expected result not achieved",
        "[ERROR] Test execution failed",
        "[END] Test FAILED"
      ],
      "failure_reason": "Element not found on page",
      "error_details": {
        "error_type": "AssertionError",
        "error_location": "Step 1",
        "expected_behavior": "System should behave correctly",
        "actual_behavior": "System did not behave as expected",
        "browser_console_errors": [
          "TypeError: Cannot read property 'value' of null",
          "403 Forbidden: Access denied"
        ],
        "network_status": "Connection stable",
        "retry_suggested": true
      },
      "screenshot_path": "screenshots/TC-API-001_failure_20250913_003359.png"
    },
    {
      "test_id": "TC-API-002",
      "test_name": "POST login with invalid credentials",
      "module": "Authentication API",
      "priority": "high",
      "test_type": "functional",
      "status": "FAILED",
      "execution_time_seconds": 3.06,
      "executed_at": "2025-09-13T00:33:59.146703",
      "test_steps_executed": 0,
      "execution_logs": [
        "[START] Test execution started: TC-API-002",
        "[INFO] Module: Authentication API",
        "[INFO] Priority: high",
        "[SETUP] Preconditions verified: None specified",
        "[VALIDATION] Expected result not achieved",
        "[ERROR] Test execution failed",
        "[END] Test FAILED"
      ],
      "failure_reason": "Database state inconsistency",
      "error_details": {
        "error_type": "AssertionError",
        "error_location": "Step 1",
        "expected_behavior": "System should behave correctly",
        "actual_behavior": "System did not behave as expected",
        "browser_console_errors": [
          "TypeError: Cannot read property 'value' of null",
          "403 Forbidden: Access denied"
        ],
        "network_status": "Connection stable",
        "retry_suggested": true
      },
      "screenshot_path": "screenshots/TC-API-002_failure_20250913_003359.png"
    },
    {
      "test_id": "TC-API-003",
      "test_name": "POST login with incorrect username",
      "module": "Authentication API",
      "priority": "medium",
      "test_type": "functional",
      "status": "PASSED",
      "execution_time_seconds": 4.83,
      "executed_at": "2025-09-13T00:33:59.260958",
      "test_steps_executed": 0,
      "execution_logs": [
        "[START] Test execution started: TC-API-003",
        "[INFO] Module: Authentication API",
        "[INFO] Priority: medium",
        "[SETUP] Preconditions verified: None specified",
        "[VALIDATION] All expected results verified",
        "[CLEANUP] Postconditions satisfied",
        "[END] Test PASSED"
      ]
    },
    {
      "test_id": "TC-API-004",
      "test_name": "POST login with incorrect password",
      "module": "Authentication API",
      "priority": "high",
      "test_type": "functional",
      "status": "PASSED",
      "execution_time_seconds": 4.44,
      "executed_at": "2025-09-13T00:33:59.362856",
      "test_steps_executed": 0,
      "execution_logs": [
        "[START] Test execution started: TC-API-004",
        "[INFO] Module: Authentication API",
        "[INFO] Priority: high",
        "[SETUP] Preconditions verified: None specified",
        "[VALIDATION] All expected results verified",
        "[CLEANUP] Postconditions satisfied",
        "[END] Test PASSED"
      ]
    },
    {
      "test_id": "TC-API-005",
      "test_name": "POST login with empty username",
      "module": "Authentication API",
      "priority": "low",
      "test_type": "functional",
      "status": "PASSED",
      "execution_time_seconds": 2.18,
      "executed_at": "2025-09-13T00:33:59.477024",
      "test_steps_executed": 0,
      "execution_logs": [
        "[START] Test execution started: TC-API-005",
        "[INFO] Module: Authentication API",
        "[INFO] Priority: low",
        "[SETUP] Preconditions verified: None specified",
        "[VALIDATION] All expected results verified",
        "[CLEANUP] Postconditions satisfied",
        "[END] Test PASSED"
      ]
    },
    {
      "test_id": "TC-API-006",
      "test_name": "POST login with invalid password character",
      "module": "Authentication API",
      "priority": "medium",
      "test_type": "functional",
      "status": "PASSED",
      "execution_time_seconds": 4.26,
      "executed_at": "2025-09-13T00:33:59.592737",
      "test_steps_executed": 0,
      "execution_logs": [
        "[START] Test execution started: TC-API-006",
        "[INFO] Module: Authentication API",
        "[INFO] Priority: medium",
        "[SETUP] Preconditions verified: None specified",
        "[VALIDATION] All expected results verified",
        "[CLEANUP] Postconditions satisfied",
        "[END] Test PASSED"
      ]
    },
    {
      "test_id": "TC-API-007",
      "test_name": "POST login with invalid credentials",
      "module": "Authentication API",
      "priority": "high",
      "test_type": "functional",
      "status": "PASSED",
      "execution_time_seconds": 3.27,
      "executed_at": "2025-09-13T00:33:59.694303",
      "test_steps_executed": 0,
      "execution_logs": [
        "[START] Test execution started: TC-API-007",
        "[INFO] Module: Authentication API",
        "[INFO] Priority: high",
        "[SETUP] Preconditions verified: None specified",
        "[VALIDATION] All expected results verified",
        "[CLEANUP] Postconditions satisfied",
        "[END] Test PASSED"
      ]
    },
    {
      "test_id": "TC-PERF-001",
      "test_name": "Load test with 50 concurrent users",
      "module": "Load Test",
      "priority": "medium",
      "test_type": "performance",
      "status": "PASSED",
      "execution_time_seconds": 1.62,
      "executed_at": "2025-09-13T00:33:59.809710",
      "test_steps_executed": 0,
      "execution_logs": [
        "[START] Test execution started: TC-PERF-001",
        "[INFO] Module: Load Test",
        "[INFO] Priority: medium",
        "[SETUP] Preconditions verified: None specified",
        "[VALIDATION] All expected results verified",
        "[CLEANUP] Postconditions satisfied",
        "[END] Test PASSED"
      ]
    },
    {
      "test_id": "TC-PERF-002",
      "test_name": "Load test with 100 concurrent users",
      "module": "Load Test",
      "priority": "medium",
      "test_type": "performance",
      "status": "PASSED",
      "execution_time_seconds": 2.05,
      "executed_at": "2025-09-13T00:33:59.925823",
      "test_steps_executed": 0,
      "execution_logs": [
        "[START] Test execution started: TC-PERF-002",
        "[INFO] Module: Load Test",
        "[INFO] Priority: medium",
        "[SETUP] Preconditions verified: None specified",
        "[VALIDATION] All expected results verified",
        "[CLEANUP] Postconditions satisfied",
        "[END] Test PASSED"
      ]
    },
    {
      "test_id": "TC-PERF-003",
      "test_name": "Load test with 200 concurrent users",
      "module": "Load Test",
      "priority": "low",
      "test_type": "performance",
      "status": "PASSED",
      "execution_time_seconds": 2.44,
      "executed_at": "2025-09-13T00:34:00.026753",
      "test_steps_executed": 0,
      "execution_logs": [
        "[START] Test execution started: TC-PERF-003",
        "[INFO] Module: Load Test",
        "[INFO] Priority: low",
        "[SETUP] Preconditions verified: None specified",
        "[VALIDATION] All expected results verified",
        "[CLEANUP] Postconditions satisfied",
        "[END] Test PASSED"
      ]
    },
    {
      "test_id": "TC-PERF-004",
      "test_name": "Load test with 300 concurrent users",
      "module": "Load Test",
      "priority": "low",
      "test_type": "performance",
      "status": "PASSED",
      "execution_time_seconds": 2.2,
      "executed_at": "2025-09-13T00:34:00.140456",
      "test_steps_executed": 0,
      "execution_logs": [
        "[START] Test execution started: TC-PERF-004",
        "[INFO] Module: Load Test",
        "[INFO] Priority: low",
        "[SETUP] Preconditions verified: None specified",
        "[VALIDATION] All expected results verified",
        "[CLEANUP] Postconditions satisfied",
        "[END] Test PASSED"
      ]
    },
    {
      "test_id": "TC-PERF-005",
      "test_name": "Load test with 500 concurrent users",
      "module": "Load Test",
      "priority": "medium",
      "test_type": "performance",
      "status": "PASSED",
      "execution_time_seconds": 2.17,
      "executed_at": "2025-09-13T00:34:00.256787",
      "test_steps_executed": 0,
      "execution_logs": [
        "[START] Test execution started: TC-PERF-005",
        "[INFO] Module: Load Test",
        "[INFO] Priority: medium",
        "[SETUP] Preconditions verified: None specified",
        "[VALIDATION] All expected results verified",
        "[CLEANUP] Postconditions satisfied",
        "[END] Test PASSED"
      ]
    },
    {
      "test_id": "TC-PERF-006",
      "test_name": "Load test with 1000 concurrent users",
      "module": "Load Test",
      "priority": "medium",
      "test_type": "performance",
      "status": "PASSED",
      "execution_time_seconds": 1.67,
      "executed_at": "2025-09-13T00:34:00.358312",
      "test_steps_executed": 0,
      "execution_logs": [
        "[START] Test execution started: TC-PERF-006",
        "[INFO] Module: Load Test",
        "[INFO] Priority: medium",
        "[SETUP] Preconditions verified: None specified",
        "[VALIDATION] All expected results verified",
        "[CLEANUP] Postconditions satisfied",
        "[END] Test PASSED"
      ]
    },
    {
      "test_id": "TC-PERF-007",
      "test_name": "Load test with 2000 concurrent users",
      "module": "Load Test",
      "priority": "high",
      "test_type": "performance",
      "status": "PASSED",
      "execution_time_seconds": 3.87,
      "executed_at": "2025-09-13T00:34:00.473775",
      "test_steps_executed": 0,
      "execution_logs": [
        "[START] Test execution started: TC-PERF-007",
        "[INFO] Module: Load Test",
        "[INFO] Priority: high",
        "[SETUP] Preconditions verified: None specified",
        "[VALIDATION] All expected results verified",
        "[CLEANUP] Postconditions satisfied",
        "[END] Test PASSED"
      ]
    }
  ],
  "summary": {
    "total_tests": 49,
    "passed": 40,
    "failed": 9,
    "pass_rate_percentage": 81.63,
    "total_execution_time_seconds": 136.31,
    "average_execution_time_seconds": 2.78
  },
  "execution_end": "2025-09-13T00:34:00.474172"
}