{
  "execution_id": "EXEC_20250913_011714",
  "execution_start": "2025-09-13T01:17:14.743632",
  "test_source": "c:\\Users\\ansha\\Desktop\\TESTING\\testing_throughmcp\\src\\data\\output\\generated_tests_20250913_011640.json",
  "environment": "UAT_SIMULATION",
  "agent_info": {
    "agent_id": "ai-test-executor",
    "version": "1.0.0"
  },
  "execution_results": [
    {
      "test_id": "TC-UI-001",
      "test_name": "Valid user login with correct credentials",
      "module": "Login System",
      "priority": "high",
      "test_type": "functional",
      "status": "PASSED",
      "execution_time_seconds": 5.51,
      "executed_at": "2025-09-13T01:17:14.850067",
      "test_steps_executed": 0,
      "execution_logs": [
        "[START] Test execution started: TC-UI-001",
        "[INFO] Module: Login System",
        "[INFO] Priority: high",
        "[SETUP] Preconditions verified: None specified",
        "[VALIDATION] All expected results verified",
        "[CLEANUP] Postconditions satisfied",
        "[END] Test PASSED"
      ]
    },
    {
      "test_id": "TC-UI-002",
      "test_name": "Invalid login with wrong password",
      "module": "Login System",
      "priority": "high",
      "test_type": "functional",
      "status": "PASSED",
      "execution_time_seconds": 4.26,
      "executed_at": "2025-09-13T01:17:14.955609",
      "test_steps_executed": 0,
      "execution_logs": [
        "[START] Test execution started: TC-UI-002",
        "[INFO] Module: Login System",
        "[INFO] Priority: high",
        "[SETUP] Preconditions verified: None specified",
        "[VALIDATION] All expected results verified",
        "[CLEANUP] Postconditions satisfied",
        "[END] Test PASSED"
      ]
    },
    {
      "test_id": "TC-API-001",
      "test_name": "POST login with valid credentials",
      "module": "Authentication API",
      "priority": "critical",
      "test_type": "functional",
      "status": "PASSED",
      "execution_time_seconds": 7.21,
      "executed_at": "2025-09-13T01:17:15.059339",
      "test_steps_executed": 0,
      "execution_logs": [
        "[START] Test execution started: TC-API-001",
        "[INFO] Module: Authentication API",
        "[INFO] Priority: critical",
        "[SETUP] Preconditions verified: None specified",
        "[VALIDATION] All expected results verified",
        "[CLEANUP] Postconditions satisfied",
        "[END] Test PASSED"
      ]
    },
    {
      "test_id": "TC-SEC-001",
      "test_name": "SQL injection attempt in username field",
      "module": "Login Form",
      "priority": "critical",
      "test_type": "security",
      "status": "PASSED",
      "execution_time_seconds": 7.46,
      "executed_at": "2025-09-13T01:17:15.162588",
      "test_steps_executed": 0,
      "execution_logs": [
        "[START] Test execution started: TC-SEC-001",
        "[INFO] Module: Login Form",
        "[INFO] Priority: critical",
        "[SETUP] Preconditions verified: None specified",
        "[VALIDATION] All expected results verified",
        "[CLEANUP] Postconditions satisfied",
        "[END] Test PASSED"
      ]
    },
    {
      "test_id": "TC-PERF-001",
      "test_name": "Load test with 50 concurrent users",
      "module": "Payment System",
      "priority": "medium",
      "test_type": "performance",
      "status": "PASSED",
      "execution_time_seconds": 2.75,
      "executed_at": "2025-09-13T01:17:15.275202",
      "test_steps_executed": 0,
      "execution_logs": [
        "[START] Test execution started: TC-PERF-001",
        "[INFO] Module: Payment System",
        "[INFO] Priority: medium",
        "[SETUP] Preconditions verified: None specified",
        "[VALIDATION] All expected results verified",
        "[CLEANUP] Postconditions satisfied",
        "[END] Test PASSED"
      ]
    },
    {
      "test_id": "TC-PERF-002",
      "test_name": "Load test with 100 concurrent users",
      "module": "Payment System",
      "priority": "medium",
      "test_type": "performance",
      "status": "PASSED",
      "execution_time_seconds": 1.74,
      "executed_at": "2025-09-13T01:17:15.377258",
      "test_steps_executed": 0,
      "execution_logs": [
        "[START] Test execution started: TC-PERF-002",
        "[INFO] Module: Payment System",
        "[INFO] Priority: medium",
        "[SETUP] Preconditions verified: None specified",
        "[VALIDATION] All expected results verified",
        "[CLEANUP] Postconditions satisfied",
        "[END] Test PASSED"
      ]
    },
    {
      "test_id": "TC-PERF-003",
      "test_name": "Stress test with 200 concurrent users",
      "module": "Payment System",
      "priority": "medium",
      "test_type": "performance",
      "status": "FAILED",
      "execution_time_seconds": 2.32,
      "executed_at": "2025-09-13T01:17:15.492212",
      "test_steps_executed": 0,
      "execution_logs": [
        "[START] Test execution started: TC-PERF-003",
        "[INFO] Module: Payment System",
        "[INFO] Priority: medium",
        "[SETUP] Preconditions verified: None specified",
        "[VALIDATION] Expected result not achieved",
        "[ERROR] Test execution failed",
        "[END] Test FAILED"
      ],
      "failure_reason": "Insufficient balance validation error",
      "error_details": {
        "error_type": "AssertionError",
        "error_location": "Step 1",
        "expected_behavior": "System should behave correctly",
        "actual_behavior": "System did not behave as expected",
        "browser_console_errors": [
          "TypeError: Cannot read property 'value' of null",
          "403 Forbidden: Access denied"
        ],
        "network_status": "Connection stable",
        "retry_suggested": true
      },
      "screenshot_path": "screenshots/TC-PERF-003_failure_20250913_011715.png"
    },
    {
      "test_id": "TC-UI-003",
      "test_name": "Verify correct user redirection after successful login",
      "module": "Login System",
      "priority": "high",
      "test_type": "functional",
      "status": "PASSED",
      "execution_time_seconds": 1.27,
      "executed_at": "2025-09-13T01:17:15.600179",
      "test_steps_executed": 0,
      "execution_logs": [
        "[START] Test execution started: TC-UI-003",
        "[INFO] Module: Login System",
        "[INFO] Priority: high",
        "[SETUP] Preconditions verified: None specified",
        "[VALIDATION] All expected results verified",
        "[CLEANUP] Postconditions satisfied",
        "[END] Test PASSED"
      ]
    },
    {
      "test_id": "TC-UI-004",
      "test_name": "Verify error messages for invalid credentials",
      "module": "Login System",
      "priority": "high",
      "test_type": "functional",
      "status": "PASSED",
      "execution_time_seconds": 4.17,
      "executed_at": "2025-09-13T01:17:15.707722",
      "test_steps_executed": 0,
      "execution_logs": [
        "[START] Test execution started: TC-UI-004",
        "[INFO] Module: Login System",
        "[INFO] Priority: high",
        "[SETUP] Preconditions verified: None specified",
        "[VALIDATION] All expected results verified",
        "[CLEANUP] Postconditions satisfied",
        "[END] Test PASSED"
      ]
    },
    {
      "test_id": "TC-UI-005",
      "test_name": "Verify clear user experience after successful login",
      "module": "Login System",
      "priority": "medium",
      "test_type": "functional",
      "status": "PASSED",
      "execution_time_seconds": 1.36,
      "executed_at": "2025-09-13T01:17:15.816259",
      "test_steps_executed": 0,
      "execution_logs": [
        "[START] Test execution started: TC-UI-005",
        "[INFO] Module: Login System",
        "[INFO] Priority: medium",
        "[SETUP] Preconditions verified: None specified",
        "[VALIDATION] All expected results verified",
        "[CLEANUP] Postconditions satisfied",
        "[END] Test PASSED"
      ]
    },
    {
      "test_id": "TC-UI-006",
      "test_name": "Verify user can log out correctly",
      "module": "Login System",
      "priority": "high",
      "test_type": "functional",
      "status": "FAILED",
      "execution_time_seconds": 1.69,
      "executed_at": "2025-09-13T01:17:15.923729",
      "test_steps_executed": 0,
      "execution_logs": [
        "[START] Test execution started: TC-UI-006",
        "[INFO] Module: Login System",
        "[INFO] Priority: high",
        "[SETUP] Preconditions verified: None specified",
        "[VALIDATION] Expected result not achieved",
        "[ERROR] Test execution failed",
        "[END] Test FAILED"
      ],
      "failure_reason": "Unexpected system behavior",
      "error_details": {
        "error_type": "AssertionError",
        "error_location": "Step 1",
        "expected_behavior": "System should behave correctly",
        "actual_behavior": "System did not behave as expected",
        "browser_console_errors": [
          "TypeError: Cannot read property 'value' of null",
          "403 Forbidden: Access denied"
        ],
        "network_status": "Connection stable",
        "retry_suggested": true
      },
      "screenshot_path": "screenshots/TC-UI-006_failure_20250913_011715.png"
    },
    {
      "test_id": "TC-API-002",
      "test_name": "POST login with valid credentials",
      "module": "Authentication API",
      "priority": "critical",
      "test_type": "functional",
      "status": "PASSED",
      "execution_time_seconds": 1.01,
      "executed_at": "2025-09-13T01:17:16.035660",
      "test_steps_executed": 0,
      "execution_logs": [
        "[START] Test execution started: TC-API-002",
        "[INFO] Module: Authentication API",
        "[INFO] Priority: critical",
        "[SETUP] Preconditions verified: None specified",
        "[VALIDATION] All expected results verified",
        "[CLEANUP] Postconditions satisfied",
        "[END] Test PASSED"
      ]
    },
    {
      "test_id": "TC-API-003",
      "test_name": "POST login with invalid credentials",
      "module": "Authentication API",
      "priority": "critical",
      "test_type": "functional",
      "status": "PASSED",
      "execution_time_seconds": 3.25,
      "executed_at": "2025-09-13T01:17:16.137558",
      "test_steps_executed": 0,
      "execution_logs": [
        "[START] Test execution started: TC-API-003",
        "[INFO] Module: Authentication API",
        "[INFO] Priority: critical",
        "[SETUP] Preconditions verified: None specified",
        "[VALIDATION] All expected results verified",
        "[CLEANUP] Postconditions satisfied",
        "[END] Test PASSED"
      ]
    },
    {
      "test_id": "TC-SEC-002",
      "test_name": "SQL injection attempt in username field",
      "module": "Payment System",
      "priority": "critical",
      "test_type": "security",
      "status": "PASSED",
      "execution_time_seconds": 6.23,
      "executed_at": "2025-09-13T01:17:16.240289",
      "test_steps_executed": 0,
      "execution_logs": [
        "[START] Test execution started: TC-SEC-002",
        "[INFO] Module: Payment System",
        "[INFO] Priority: critical",
        "[SETUP] Preconditions verified: None specified",
        "[VALIDATION] All expected results verified",
        "[CLEANUP] Postconditions satisfied",
        "[END] Test PASSED"
      ]
    },
    {
      "test_id": "TC-SEC-003",
      "test_name": "SQL injection attempt in password field",
      "module": "Payment System",
      "priority": "critical",
      "test_type": "security",
      "status": "PASSED",
      "execution_time_seconds": 5.39,
      "executed_at": "2025-09-13T01:17:16.352937",
      "test_steps_executed": 0,
      "execution_logs": [
        "[START] Test execution started: TC-SEC-003",
        "[INFO] Module: Payment System",
        "[INFO] Priority: critical",
        "[SETUP] Preconditions verified: None specified",
        "[VALIDATION] All expected results verified",
        "[CLEANUP] Postconditions satisfied",
        "[END] Test PASSED"
      ]
    },
    {
      "test_id": "TC-AUTH-001",
      "test_name": "Verify successful authentication after successful login",
      "module": "Authentication API",
      "priority": "high",
      "test_type": "functional",
      "status": "PASSED",
      "execution_time_seconds": 3.52,
      "executed_at": "2025-09-13T01:17:16.464082",
      "test_steps_executed": 0,
      "execution_logs": [
        "[START] Test execution started: TC-AUTH-001",
        "[INFO] Module: Authentication API",
        "[INFO] Priority: high",
        "[SETUP] Preconditions verified: None specified",
        "[VALIDATION] All expected results verified",
        "[CLEANUP] Postconditions satisfied",
        "[END] Test PASSED"
      ]
    },
    {
      "test_id": "TC-AUTH-002",
      "test_name": "Verify authentication failure after failed login attempt",
      "module": "Authentication API",
      "priority": "high",
      "test_type": "functional",
      "status": "PASSED",
      "execution_time_seconds": 4.67,
      "executed_at": "2025-09-13T01:17:16.565384",
      "test_steps_executed": 0,
      "execution_logs": [
        "[START] Test execution started: TC-AUTH-002",
        "[INFO] Module: Authentication API",
        "[INFO] Priority: high",
        "[SETUP] Preconditions verified: None specified",
        "[VALIDATION] All expected results verified",
        "[CLEANUP] Postconditions satisfied",
        "[END] Test PASSED"
      ]
    },
    {
      "test_id": "TC-PERF-002",
      "test_name": "Load test with 1000 concurrent users",
      "module": "Payment System",
      "priority": "medium",
      "test_type": "performance",
      "status": "PASSED",
      "execution_time_seconds": 4.08,
      "executed_at": "2025-09-13T01:17:16.672256",
      "test_steps_executed": 0,
      "execution_logs": [
        "[START] Test execution started: TC-PERF-002",
        "[INFO] Module: Payment System",
        "[INFO] Priority: medium",
        "[SETUP] Preconditions verified: None specified",
        "[VALIDATION] All expected results verified",
        "[CLEANUP] Postconditions satisfied",
        "[END] Test PASSED"
      ]
    },
    {
      "test_id": "TC-PERF-003",
      "test_name": "Load test with 500 concurrent users",
      "module": "Payment System",
      "priority": "medium",
      "test_type": "performance",
      "status": "PASSED",
      "execution_time_seconds": 1.13,
      "executed_at": "2025-09-13T01:17:16.778542",
      "test_steps_executed": 0,
      "execution_logs": [
        "[START] Test execution started: TC-PERF-003",
        "[INFO] Module: Payment System",
        "[INFO] Priority: medium",
        "[SETUP] Preconditions verified: None specified",
        "[VALIDATION] All expected results verified",
        "[CLEANUP] Postconditions satisfied",
        "[END] Test PASSED"
      ]
    },
    {
      "test_id": "TC-PERF-004",
      "test_name": "Stress test with 2000 concurrent users",
      "module": "Payment System",
      "priority": "medium",
      "test_type": "performance",
      "status": "PASSED",
      "execution_time_seconds": 4.63,
      "executed_at": "2025-09-13T01:17:16.887868",
      "test_steps_executed": 0,
      "execution_logs": [
        "[START] Test execution started: TC-PERF-004",
        "[INFO] Module: Payment System",
        "[INFO] Priority: medium",
        "[SETUP] Preconditions verified: None specified",
        "[VALIDATION] All expected results verified",
        "[CLEANUP] Postconditions satisfied",
        "[END] Test PASSED"
      ]
    },
    {
      "test_id": "TC-DATA-001",
      "test_name": "Minimum Payment Amount",
      "module": "Boundary Value Testing",
      "priority": "high",
      "test_type": "data",
      "status": "FAILED",
      "execution_time_seconds": 2.28,
      "executed_at": "2025-09-13T01:17:16.996426",
      "test_steps_executed": 0,
      "execution_logs": [
        "[START] Test execution started: TC-DATA-001",
        "[INFO] Module: Boundary Value Testing",
        "[INFO] Priority: high",
        "[SETUP] Preconditions verified: None specified",
        "[VALIDATION] Expected result not achieved",
        "[ERROR] Test execution failed",
        "[END] Test FAILED"
      ],
      "failure_reason": "Element not found on page",
      "error_details": {
        "error_type": "AssertionError",
        "error_location": "Step 1",
        "expected_behavior": "System should behave correctly",
        "actual_behavior": "System did not behave as expected",
        "browser_console_errors": [
          "TypeError: Cannot read property 'value' of null",
          "403 Forbidden: Access denied"
        ],
        "network_status": "Connection stable",
        "retry_suggested": true
      },
      "screenshot_path": "screenshots/TC-DATA-001_failure_20250913_011716.png"
    },
    {
      "test_id": "TC-DATA-002",
      "test_name": "Maximum Payment Amount",
      "module": "Boundary Value Testing",
      "priority": "medium",
      "test_type": "data",
      "status": "PASSED",
      "execution_time_seconds": 3.49,
      "executed_at": "2025-09-13T01:17:17.105533",
      "test_steps_executed": 0,
      "execution_logs": [
        "[START] Test execution started: TC-DATA-002",
        "[INFO] Module: Boundary Value Testing",
        "[INFO] Priority: medium",
        "[SETUP] Preconditions verified: None specified",
        "[VALIDATION] All expected results verified",
        "[CLEANUP] Postconditions satisfied",
        "[END] Test PASSED"
      ]
    },
    {
      "test_id": "TC-DATA-003",
      "test_name": "Invalid Card Number",
      "module": "Boundary Value Testing",
      "priority": "high",
      "test_type": "data",
      "status": "FAILED",
      "execution_time_seconds": 0.61,
      "executed_at": "2025-09-13T01:17:17.215191",
      "test_steps_executed": 0,
      "execution_logs": [
        "[START] Test execution started: TC-DATA-003",
        "[INFO] Module: Boundary Value Testing",
        "[INFO] Priority: high",
        "[SETUP] Preconditions verified: None specified",
        "[VALIDATION] Expected result not achieved",
        "[ERROR] Test execution failed",
        "[END] Test FAILED"
      ],
      "failure_reason": "Database state inconsistency",
      "error_details": {
        "error_type": "AssertionError",
        "error_location": "Step 1",
        "expected_behavior": "System should behave correctly",
        "actual_behavior": "System did not behave as expected",
        "browser_console_errors": [
          "TypeError: Cannot read property 'value' of null",
          "403 Forbidden: Access denied"
        ],
        "network_status": "Connection stable",
        "retry_suggested": true
      },
      "screenshot_path": "screenshots/TC-DATA-003_failure_20250913_011717.png"
    }
  ],
  "summary": {
    "total_tests": 23,
    "passed": 19,
    "failed": 4,
    "pass_rate_percentage": 82.61,
    "total_execution_time_seconds": 80.03,
    "average_execution_time_seconds": 3.48
  },
  "execution_end": "2025-09-13T01:17:17.215590"
}